\BOOKMARK [0][-]{chapter.1}{Introduction}{}% 1
\BOOKMARK [1][-]{section.1.1}{Problem Statement}{chapter.1}% 2
\BOOKMARK [1][-]{section.1.2}{Key Contributions and Scope of this Thesis}{chapter.1}% 3
\BOOKMARK [1][-]{section.1.3}{Organization of the Report}{chapter.1}% 4
\BOOKMARK [0][-]{chapter.2}{Literature Review}{}% 5
\BOOKMARK [1][-]{section.2.1}{Multidisciplinary Nature}{chapter.2}% 6
\BOOKMARK [1][-]{section.2.2}{Current Understanding of Human Behavior in Egress}{chapter.2}% 7
\BOOKMARK [2][-]{subsection.2.2.1}{Pre-evacuation Behavior}{section.2.2}% 8
\BOOKMARK [2][-]{subsection.2.2.2}{Crowd behavior}{section.2.2}% 9
\BOOKMARK [2][-]{subsection.2.2.3}{On the rationality of crowds}{section.2.2}% 10
\BOOKMARK [2][-]{subsection.2.2.4}{Summary}{section.2.2}% 11
\BOOKMARK [1][-]{section.2.3}{Computational Models of Egress}{chapter.2}% 12
\BOOKMARK [2][-]{subsection.2.3.1}{Components of a computational model of egress}{section.2.3}% 13
\BOOKMARK [3][-]{subsubsection.2.3.1.1}{A model of the environment}{subsection.2.3.1}% 14
\BOOKMARK [3][-]{subsubsection.2.3.1.2}{A model of the individuals engaging in egress}{subsection.2.3.1}% 15
\BOOKMARK [2][-]{subsection.2.3.2}{An overview of existing computational models}{section.2.3}% 16
\BOOKMARK [3][-]{subsubsection.2.3.2.1}{Network or Queuing Theory based approaches}{subsection.2.3.2}% 17
\BOOKMARK [3][-]{subsubsection.2.3.2.2}{Flow models}{subsection.2.3.2}% 18
\BOOKMARK [3][-]{subsubsection.2.3.2.3}{Environment Control Based Models}{subsection.2.3.2}% 19
\BOOKMARK [4][-]{paragraph.2.3.2.3.1}{Cellular Automata based approaches:}{subsubsection.2.3.2.3}% 20
\BOOKMARK [4][-]{paragraph.2.3.2.3.2}{Lattice gas models:}{subsubsection.2.3.2.3}% 21
\BOOKMARK [4][-]{paragraph.2.3.2.3.3}{Floor field models:}{subsubsection.2.3.2.3}% 22
\BOOKMARK [3][-]{subsubsection.2.3.2.4}{Agent based approaches}{subsection.2.3.2}% 23
\BOOKMARK [3][-]{subsubsection.2.3.2.5}{Hybrid approaches}{subsection.2.3.2}% 24
\BOOKMARK [2][-]{subsection.2.3.3}{Detailed Discussion of Significant Computational Models}{section.2.3}% 25
\BOOKMARK [3][-]{subsubsection.2.3.3.1}{Pires's model of pre-evacuation behavior}{subsection.2.3.3}% 26
\BOOKMARK [3][-]{subsubsection.2.3.3.2}{Legion}{subsection.2.3.3}% 27
\BOOKMARK [3][-]{subsubsection.2.3.3.3}{MACES + PMFServ}{subsection.2.3.3}% 28
\BOOKMARK [3][-]{subsubsection.2.3.3.4}{Collective Panic Behavior Model}{subsection.2.3.3}% 29
\BOOKMARK [3][-]{subsubsection.2.3.3.5}{Exodus}{subsection.2.3.3}% 30
\BOOKMARK [3][-]{subsubsection.2.3.3.6}{ESCAPES}{subsection.2.3.3}% 31
\BOOKMARK [3][-]{subsubsection.2.3.3.7}{MASSEgress}{subsection.2.3.3}% 32
\BOOKMARK [2][-]{subsection.2.3.4}{Summary}{section.2.3}% 33
\BOOKMARK [1][-]{section.2.4}{Summary of Literature Review}{chapter.2}% 34
\BOOKMARK [0][-]{chapter.3}{Information Based Evacuation Agent Architecture: IBEVAC}{}% 35
\BOOKMARK [1][-]{section.3.1}{The Six Building Blocks of Crowd Behavior during Egress}{chapter.3}% 36
\BOOKMARK [2][-]{subsection.3.1.1}{Perception}{section.3.1}% 37
\BOOKMARK [2][-]{subsection.3.1.2}{Event identification}{section.3.1}% 38
\BOOKMARK [2][-]{subsection.3.1.3}{Knowledge Base}{section.3.1}% 39
\BOOKMARK [2][-]{subsection.3.1.4}{Communication}{section.3.1}% 40
\BOOKMARK [2][-]{subsection.3.1.5}{Navigation}{section.3.1}% 41
\BOOKMARK [2][-]{subsection.3.1.6}{Task management}{section.3.1}% 42
\BOOKMARK [1][-]{section.3.2}{The Agent Architecture}{chapter.3}% 43
\BOOKMARK [2][-]{subsection.3.2.1}{Information Based Perception \(IBP\) Module}{section.3.2}% 44
\BOOKMARK [2][-]{subsection.3.2.2}{Knowledge Base}{section.3.2}% 45
\BOOKMARK [3][-]{subsubsection.3.2.2.1}{Environment Knowledge Module}{subsection.3.2.2}% 46
\BOOKMARK [3][-]{subsubsection.3.2.2.2}{Event Knowledge Module}{subsection.3.2.2}% 47
\BOOKMARK [2][-]{subsection.3.2.3}{Agent Description Module \(ADM\)}{section.3.2}% 48
\BOOKMARK [2][-]{subsection.3.2.4}{Planning Module}{section.3.2}% 49
\BOOKMARK [2][-]{subsection.3.2.5}{Communication Module}{section.3.2}% 50
\BOOKMARK [2][-]{subsection.3.2.6}{Navigation Module}{section.3.2}% 51
\BOOKMARK [1][-]{section.3.3}{Summary}{chapter.3}% 52
\BOOKMARK [0][-]{chapter.4}{Quantitative Comparison Between Crowd Models for Evacuation Planning and Evaluation}{}% 53
\BOOKMARK [1][-]{section.4.1}{Introduction}{chapter.4}% 54
\BOOKMARK [1][-]{section.4.2}{Models}{chapter.4}% 55
\BOOKMARK [2][-]{subsection.4.2.1}{Lattice gas model}{section.4.2}% 56
\BOOKMARK [2][-]{subsection.4.2.2}{Social force model}{section.4.2}% 57
\BOOKMARK [2][-]{subsection.4.2.3}{Reciprocal velocity obstacles model}{section.4.2}% 58
\BOOKMARK [1][-]{section.4.3}{Methodology}{chapter.4}% 59
\BOOKMARK [2][-]{subsection.4.3.1}{Measurements}{section.4.3}% 60
\BOOKMARK [2][-]{subsection.4.3.2}{DISTATIS}{section.4.3}% 61
\BOOKMARK [1][-]{section.4.4}{Results and Discussion}{chapter.4}% 62
\BOOKMARK [2][-]{subsection.4.4.1}{Evacuation time}{section.4.4}% 63
\BOOKMARK [2][-]{subsection.4.4.2}{Passage density}{section.4.4}% 64
\BOOKMARK [2][-]{subsection.4.4.3}{Total distance traveled distribution and inconvenience}{section.4.4}% 65
\BOOKMARK [2][-]{subsection.4.4.4}{Evacuation rate}{section.4.4}% 66
\BOOKMARK [2][-]{subsection.4.4.5}{DISTATIS comparison}{section.4.4}% 67
\BOOKMARK [1][-]{section.4.5}{Conclusion}{chapter.4}% 68
\BOOKMARK [0][-]{chapter.5}{Information Based Perception}{}% 69
\BOOKMARK [1][-]{section.5.1}{Limits of Human Perception}{chapter.5}% 70
\BOOKMARK [1][-]{section.5.2}{Navigation Systems}{chapter.5}% 71
\BOOKMARK [1][-]{section.5.3}{The Information Based Perception Model}{chapter.5}% 72
\BOOKMARK [2][-]{subsection.5.3.1}{Clustering}{section.5.3}% 73
\BOOKMARK [2][-]{subsection.5.3.2}{Sensing}{section.5.3}% 74
\BOOKMARK [2][-]{subsection.5.3.3}{Filtering}{section.5.3}% 75
\BOOKMARK [1][-]{section.5.4}{Results}{chapter.5}% 76
\BOOKMARK [2][-]{subsection.5.4.1}{Group Based Perception}{section.5.4}% 77
\BOOKMARK [2][-]{subsection.5.4.2}{Effects of multi layered clustering}{section.5.4}% 78
\BOOKMARK [2][-]{subsection.5.4.3}{Filtering necessitates Group Based Perception}{section.5.4}% 79
\BOOKMARK [2][-]{subsection.5.4.4}{Effect of filtering of percept information}{section.5.4}% 80
\BOOKMARK [1][-]{section.5.5}{Summary and Future Work}{chapter.5}% 81
\BOOKMARK [0][-]{chapter.6}{Modelling Pre Evacuation Behavior in Agent Based Simulations Of Crowds}{}% 82
\BOOKMARK [1][-]{section.6.1}{Introduction}{chapter.6}% 83
\BOOKMARK [1][-]{section.6.2}{Related Work}{chapter.6}% 84
\BOOKMARK [2][-]{subsection.6.2.1}{Pre-evacuation Behavior}{section.6.2}% 85
\BOOKMARK [2][-]{subsection.6.2.2}{Existing Models}{section.6.2}% 86
\BOOKMARK [1][-]{section.6.3}{The IBEVAC Model}{chapter.6}% 87
\BOOKMARK [1][-]{section.6.4}{Event Identification and Pre-evacuation behavior}{chapter.6}% 88
\BOOKMARK [1][-]{section.6.5}{Results}{chapter.6}% 89
\BOOKMARK [2][-]{subsection.6.5.1}{Experiment 1: The effect of fire alarm clarity}{section.6.5}% 90
\BOOKMARK [2][-]{subsection.6.5.2}{Experiment 2: The importance of communication}{section.6.5}% 91
\BOOKMARK [1][-]{section.6.6}{Conclusion and Future Work}{chapter.6}% 92
\BOOKMARK [0][-]{chapter.7}{Modelling Spatial Knowledge}{}% 93
\BOOKMARK [1][-]{section.7.1}{Introduction}{chapter.7}% 94
\BOOKMARK [1][-]{section.7.2}{Literature Review}{chapter.7}% 95
\BOOKMARK [2][-]{subsection.7.2.1}{Working Memory}{section.7.2}% 96
\BOOKMARK [2][-]{subsection.7.2.2}{The building blocks of spatial knowledge}{section.7.2}% 97
\BOOKMARK [2][-]{subsection.7.2.3}{Indoor Way-finding}{section.7.2}% 98
\BOOKMARK [1][-]{section.7.3}{Experiment Performed}{chapter.7}% 99
\BOOKMARK [2][-]{subsection.7.3.1}{The minecraft gaming environment}{section.7.3}% 100
\BOOKMARK [2][-]{subsection.7.3.2}{The game}{section.7.3}% 101
\BOOKMARK [1][-]{section.7.4}{Experiment details}{chapter.7}% 102
\BOOKMARK [1][-]{section.7.5}{Analysis of Experiment Results}{chapter.7}% 103
\BOOKMARK [2][-]{subsection.7.5.1}{Calculation of random walks}{section.7.5}% 104
\BOOKMARK [2][-]{subsection.7.5.2}{Room visit frequencies}{section.7.5}% 105
\BOOKMARK [3][-]{subsubsection.7.5.2.1}{Calculation}{subsection.7.5.2}% 106
\BOOKMARK [3][-]{subsubsection.7.5.2.2}{Discussion}{subsection.7.5.2}% 107
\BOOKMARK [2][-]{subsection.7.5.3}{Markov data analysis}{section.7.5}% 108
\BOOKMARK [3][-]{subsubsection.7.5.3.1}{Calculation of markov data}{subsection.7.5.3}% 109
\BOOKMARK [3][-]{subsubsection.7.5.3.2}{Types Of Exploring agents}{subsection.7.5.3}% 110
\BOOKMARK [3][-]{subsubsection.7.5.3.3}{Expected Coverage Given Number Of Hops}{subsection.7.5.3}% 111
\BOOKMARK [3][-]{subsubsection.7.5.3.4}{Expected Hops Given Coverage}{subsection.7.5.3}% 112
\BOOKMARK [2][-]{subsection.7.5.4}{Empirical Analysis}{section.7.5}% 113
\BOOKMARK [3][-]{subsubsection.7.5.4.1}{Existence of decision points}{subsection.7.5.4}% 114
\BOOKMARK [3][-]{subsubsection.7.5.4.2}{Location recognition and memory}{subsection.7.5.4}% 115
\BOOKMARK [1][-]{section.7.6}{Conclusion}{chapter.7}% 116
\BOOKMARK [0][-]{chapter.8}{Conclusion and Future Work}{}% 117
\BOOKMARK [1][-]{section.8.1}{Summary and Conclusion}{chapter.8}% 118
\BOOKMARK [1][-]{section.8.2}{Future Work}{chapter.8}% 119
\BOOKMARK [2][-]{subsection.8.2.1}{Model design}{section.8.2}% 120
\BOOKMARK [2][-]{subsection.8.2.2}{Implementation and simulation}{section.8.2}% 121
\BOOKMARK [3][-]{subsubsection.8.2.2.1}{The MASON frameworok}{subsection.8.2.2}% 122
\BOOKMARK [3][-]{subsubsection.8.2.2.2}{DEPATHSS}{subsection.8.2.2}% 123
\BOOKMARK [3][-]{subsubsection.8.2.2.3}{Time frame for model implementation}{subsection.8.2.2}% 124
\BOOKMARK [2][-]{subsection.8.2.3}{Validation}{section.8.2}% 125
\BOOKMARK [3][-]{subsubsection.8.2.3.1}{Validation}{subsection.8.2.3}% 126
\BOOKMARK [0][-]{appendix.A}{Model Class Structure}{}% 127
\BOOKMARK [0][-]{appendix.B}{Validity check for Markov analysis}{}% 128
\BOOKMARK [1][-]{subsection.B.0.4}{Effect of dataset size}{appendix.B}% 129
\BOOKMARK [2][-]{subsection.B.0.5}{Decision base size at decision points}{subsection.B.0.4}% 130
