\BOOKMARK [0][-]{chapter.1}{Introduction}{}% 1
\BOOKMARK [1][-]{section.1.1}{Problem Statement}{chapter.1}% 2
\BOOKMARK [1][-]{section.1.2}{Key Contributions and Scope of This Thesis}{chapter.1}% 3
\BOOKMARK [1][-]{section.1.3}{Organization of the Report}{chapter.1}% 4
\BOOKMARK [0][-]{chapter.2}{Literature Review}{}% 5
\BOOKMARK [1][-]{section.2.1}{Multidisciplinary Nature}{chapter.2}% 6
\BOOKMARK [1][-]{section.2.2}{Current Understanding of Human Behavior During Egress}{chapter.2}% 7
\BOOKMARK [2][-]{subsection.2.2.1}{Pre-evacuation behavior}{section.2.2}% 8
\BOOKMARK [2][-]{subsection.2.2.2}{Crowd behavior}{section.2.2}% 9
\BOOKMARK [2][-]{subsection.2.2.3}{On the rationality of crowds}{section.2.2}% 10
\BOOKMARK [2][-]{subsection.2.2.4}{Summary}{section.2.2}% 11
\BOOKMARK [1][-]{section.2.3}{Computational Models of Egress}{chapter.2}% 12
\BOOKMARK [2][-]{subsection.2.3.1}{Components of a computational model of egress}{section.2.3}% 13
\BOOKMARK [3][-]{subsubsection.2.3.1.1}{A model of the environment}{subsection.2.3.1}% 14
\BOOKMARK [3][-]{subsubsection.2.3.1.2}{A model of the individuals engaging in egress}{subsection.2.3.1}% 15
\BOOKMARK [2][-]{subsection.2.3.2}{An overview of existing computational models}{section.2.3}% 16
\BOOKMARK [3][-]{subsubsection.2.3.2.1}{Network or Queuing Theory based approaches}{subsection.2.3.2}% 17
\BOOKMARK [3][-]{subsubsection.2.3.2.2}{Flow models}{subsection.2.3.2}% 18
\BOOKMARK [3][-]{subsubsection.2.3.2.3}{Environment Control Based Models}{subsection.2.3.2}% 19
\BOOKMARK [4][-]{paragraph.2.3.2.3.1}{Cellular Automation based approaches:}{subsubsection.2.3.2.3}% 20
\BOOKMARK [4][-]{paragraph.2.3.2.3.2}{Lattice gas models:}{subsubsection.2.3.2.3}% 21
\BOOKMARK [4][-]{paragraph.2.3.2.3.3}{Floor field models:}{subsubsection.2.3.2.3}% 22
\BOOKMARK [3][-]{subsubsection.2.3.2.4}{Agent based approaches}{subsection.2.3.2}% 23
\BOOKMARK [3][-]{subsubsection.2.3.2.5}{Hybrid approaches}{subsection.2.3.2}% 24
\BOOKMARK [2][-]{subsection.2.3.3}{Detailed discussion of significant computational models}{section.2.3}% 25
\BOOKMARK [3][-]{subsubsection.2.3.3.1}{Pires's model of pre-evacuation behavior}{subsection.2.3.3}% 26
\BOOKMARK [3][-]{subsubsection.2.3.3.2}{Legion}{subsection.2.3.3}% 27
\BOOKMARK [3][-]{subsubsection.2.3.3.3}{MACES + PMFServ}{subsection.2.3.3}% 28
\BOOKMARK [3][-]{subsubsection.2.3.3.4}{Collective Panic Behavior Model}{subsection.2.3.3}% 29
\BOOKMARK [3][-]{subsubsection.2.3.3.5}{Exodus}{subsection.2.3.3}% 30
\BOOKMARK [3][-]{subsubsection.2.3.3.6}{ESCAPES}{subsection.2.3.3}% 31
\BOOKMARK [3][-]{subsubsection.2.3.3.7}{MASSEgress}{subsection.2.3.3}% 32
\BOOKMARK [2][-]{subsection.2.3.4}{Summary}{section.2.3}% 33
\BOOKMARK [1][-]{section.2.4}{Summary of Literature Review}{chapter.2}% 34
\BOOKMARK [0][-]{chapter.3}{The Building Blocks of a Behavior Model for Egress Simulation}{}% 35
\BOOKMARK [1][-]{section.3.1}{The Building Blocks of the Egress Process}{chapter.3}% 36
\BOOKMARK [2][-]{subsection.3.1.1}{Perception}{section.3.1}% 37
\BOOKMARK [2][-]{subsection.3.1.2}{Event identification}{section.3.1}% 38
\BOOKMARK [2][-]{subsection.3.1.3}{Spatial knowledge utilization}{section.3.1}% 39
\BOOKMARK [2][-]{subsection.3.1.4}{Navigation}{section.3.1}% 40
\BOOKMARK [1][-]{section.3.2}{Shortcomings in Existing Models}{chapter.3}% 41
\BOOKMARK [2][-]{subsection.3.2.1}{Perception : the lack of a realistic approach}{section.3.2}% 42
\BOOKMARK [2][-]{subsection.3.2.2}{Event identification: modelling pre-evacuation behavior}{section.3.2}% 43
\BOOKMARK [2][-]{subsection.3.2.3}{Knowledge modelling: the effect of partial knowledge}{section.3.2}% 44
\BOOKMARK [2][-]{subsection.3.2.4}{Navigation: analyzing motion planning systems}{section.3.2}% 45
\BOOKMARK [1][-]{section.3.3}{Contributions of the Remaining Chapters}{chapter.3}% 46
\BOOKMARK [1][-]{section.3.4}{Summary}{chapter.3}% 47
\BOOKMARK [0][-]{chapter.4}{An Information Processing Based Approach to Modelling Perception}{}% 48
\BOOKMARK [1][-]{section.4.1}{Limits of Human Perception}{chapter.4}% 49
\BOOKMARK [1][-]{section.4.2}{A Brief Introduction to Motion Planning Systems}{chapter.4}% 50
\BOOKMARK [1][-]{section.4.3}{The Information Based Perception Model}{chapter.4}% 51
\BOOKMARK [2][-]{subsection.4.3.1}{Clustering}{section.4.3}% 52
\BOOKMARK [2][-]{subsection.4.3.2}{Sensing}{section.4.3}% 53
\BOOKMARK [2][-]{subsection.4.3.3}{Filtering}{section.4.3}% 54
\BOOKMARK [1][-]{section.4.4}{Model Evaluation}{chapter.4}% 55
\BOOKMARK [2][-]{subsection.4.4.1}{Model demonstration}{section.4.4}% 56
\BOOKMARK [3][-]{subsubsection.4.4.1.1}{Group Based Perception}{subsection.4.4.1}% 57
\BOOKMARK [3][-]{subsubsection.4.4.1.2}{Effects of multi layered clustering}{subsection.4.4.1}% 58
\BOOKMARK [3][-]{subsubsection.4.4.1.3}{Filtering necessitates Group Based Perception}{subsection.4.4.1}% 59
\BOOKMARK [3][-]{subsubsection.4.4.1.4}{Effect of filtering of percept information}{subsection.4.4.1}% 60
\BOOKMARK [2][-]{subsection.4.4.2}{Validation against standard scenarios}{section.4.4}% 61
\BOOKMARK [3][-]{subsubsection.4.4.2.1}{Corridor \(1 mma\)}{subsection.4.4.2}% 62
\BOOKMARK [3][-]{subsubsection.4.4.2.2}{Intersection \(2 mma\)}{subsection.4.4.2}% 63
\BOOKMARK [3][-]{subsubsection.4.4.2.3}{Circle \(multiple mma\)}{subsection.4.4.2}% 64
\BOOKMARK [2][-]{subsection.4.4.3}{Experimental validation}{section.4.4}% 65
\BOOKMARK [3][-]{subsubsection.4.4.3.1}{Experiment setup}{subsection.4.4.3}% 66
\BOOKMARK [3][-]{subsubsection.4.4.3.2}{Quantitative measurements of experimental data}{subsection.4.4.3}% 67
\BOOKMARK [3][-]{subsubsection.4.4.3.3}{Results and comparison}{subsection.4.4.3}% 68
\BOOKMARK [1][-]{section.4.5}{Summary and Future Work}{chapter.4}% 69
\BOOKMARK [0][-]{chapter.5}{Modelling Pre-evacuation Behavior}{}% 70
\BOOKMARK [1][-]{section.5.1}{Related Work}{chapter.5}% 71
\BOOKMARK [2][-]{subsection.5.1.1}{On modelling pre-evacuation behavior}{section.5.1}% 72
\BOOKMARK [2][-]{subsection.5.1.2}{Existing models}{section.5.1}% 73
\BOOKMARK [1][-]{section.5.2}{A Bucket Model of Event Identification}{chapter.5}% 74
\BOOKMARK [1][-]{section.5.3}{Results}{chapter.5}% 75
\BOOKMARK [2][-]{subsection.5.3.1}{Experiment 1: the effect of fire alarm ambiguity}{section.5.3}% 76
\BOOKMARK [2][-]{subsection.5.3.2}{Experiment 2: informed and informing agents}{section.5.3}% 77
\BOOKMARK [2][-]{subsection.5.3.3}{Experiment 3: is milling important?}{section.5.3}% 78
\BOOKMARK [2][-]{subsection.5.3.4}{Experiment 4: the importance of spatial knowledge propagation}{section.5.3}% 79
\BOOKMARK [1][-]{section.5.4}{Conclusion and Future Work}{chapter.5}% 80
\BOOKMARK [0][-]{chapter.6}{A Game-based Investigation into the Role of Memory in Human Exploration and Navigation}{}% 81
\BOOKMARK [1][-]{section.6.1}{Literature Review}{chapter.6}% 82
\BOOKMARK [2][-]{subsection.6.1.1}{Working memory}{section.6.1}% 83
\BOOKMARK [2][-]{subsection.6.1.2}{The building blocks of spatial knowledge}{section.6.1}% 84
\BOOKMARK [2][-]{subsection.6.1.3}{Wayfinding in indoor environments}{section.6.1}% 85
\BOOKMARK [1][-]{section.6.2}{Benefits of a Game Based Approach}{chapter.6}% 86
\BOOKMARK [1][-]{section.6.3}{Setup of the Experiment}{chapter.6}% 87
\BOOKMARK [2][-]{subsection.6.3.1}{The game}{section.6.3}% 88
\BOOKMARK [2][-]{subsection.6.3.2}{The Minecraft gaming environment}{section.6.3}% 89
\BOOKMARK [2][-]{subsection.6.3.3}{Participants}{section.6.3}% 90
\BOOKMARK [1][-]{section.6.4}{Analysis}{chapter.6}% 91
\BOOKMARK [2][-]{subsection.6.4.1}{Types of exploring agents}{section.6.4}% 92
\BOOKMARK [2][-]{subsection.6.4.2}{Markov Agents}{section.6.4}% 93
\BOOKMARK [3][-]{subsubsection.6.4.2.1}{Calculation of Markov data}{subsection.6.4.2}% 94
\BOOKMARK [1][-]{section.6.5}{Results}{chapter.6}% 95
\BOOKMARK [2][-]{subsection.6.5.1}{Room visit frequencies}{section.6.5}% 96
\BOOKMARK [2][-]{subsection.6.5.2}{Expected coverage given number of hops}{section.6.5}% 97
\BOOKMARK [2][-]{subsection.6.5.3}{Expected hops given coverage}{section.6.5}% 98
\BOOKMARK [2][-]{subsection.6.5.4}{Empirical analysis}{section.6.5}% 99
\BOOKMARK [3][-]{subsubsection.6.5.4.1}{Existence of decision points}{subsection.6.5.4}% 100
\BOOKMARK [3][-]{subsubsection.6.5.4.2}{Location recognition and memory}{subsection.6.5.4}% 101
\BOOKMARK [1][-]{section.6.6}{Conclusion and Future Work}{chapter.6}% 102
\BOOKMARK [2][-]{subsection.6.6.1}{Future Work: Scaling The Game}{section.6.6}% 103
\BOOKMARK [0][-]{chapter.7}{Quantitative Comparison Between Motion Planning Systems for Evacuation Planning and Evaluation}{}% 104
\BOOKMARK [1][-]{section.7.1}{Models}{chapter.7}% 105
\BOOKMARK [2][-]{subsection.7.1.1}{Lattice gas model}{section.7.1}% 106
\BOOKMARK [2][-]{subsection.7.1.2}{Social force model}{section.7.1}% 107
\BOOKMARK [2][-]{subsection.7.1.3}{Reciprocal velocity obstacles model}{section.7.1}% 108
\BOOKMARK [1][-]{section.7.2}{Methodology}{chapter.7}% 109
\BOOKMARK [2][-]{subsection.7.2.1}{Measurements}{section.7.2}% 110
\BOOKMARK [2][-]{subsection.7.2.2}{DISTATIS}{section.7.2}% 111
\BOOKMARK [1][-]{section.7.3}{Results and Discussion}{chapter.7}% 112
\BOOKMARK [2][-]{subsection.7.3.1}{Evacuation time}{section.7.3}% 113
\BOOKMARK [2][-]{subsection.7.3.2}{Passage density}{section.7.3}% 114
\BOOKMARK [2][-]{subsection.7.3.3}{Total distance traveled distribution and inconvenience}{section.7.3}% 115
\BOOKMARK [2][-]{subsection.7.3.4}{Evacuation rate}{section.7.3}% 116
\BOOKMARK [2][-]{subsection.7.3.5}{DISTATIS comparison}{section.7.3}% 117
\BOOKMARK [1][-]{section.7.4}{Conclusion}{chapter.7}% 118
\BOOKMARK [0][-]{chapter.8}{Conclusion and Future Work}{}% 119
\BOOKMARK [1][-]{section.8.1}{Modelling Human Cognitive Limits in Perception}{chapter.8}% 120
\BOOKMARK [1][-]{section.8.2}{A Novel Model for Event Identification}{chapter.8}% 121
\BOOKMARK [1][-]{section.8.3}{A Game Based Analysis of Indoor Wayfinding Behavior}{chapter.8}% 122
\BOOKMARK [1][-]{section.8.4}{A Comparison of Existing Motion Planning Systems}{chapter.8}% 123
\BOOKMARK [1][-]{section.8.5}{Conclusion}{chapter.8}% 124
\BOOKMARK [0][-]{appendix.A}{Comparison of Information Based Perception against Controlled Experiments}{}% 125
\BOOKMARK [0][-]{appendix.B}{Validity check for Markov analysis}{}% 126
\BOOKMARK [1][-]{section.B.1}{Effect of Dataset Size}{appendix.B}% 127
\BOOKMARK [1][-]{section.B.2}{Decision Base Size at Decision Points}{appendix.B}% 128
