This is pdfTeX, Version 3.1415926-2.4-1.40.13 (TeX Live 2012/W32TeX) (format=pdflatex 2013.4.2)  11 MAR 2014 18:40
entering extended mode
 restricted \write18 enabled.
 %&-line parsing enabled.
**vaisagh_thesis.tex
(./vaisagh_thesis.tex
LaTeX2e <2011/06/27>
Babel <v3.8m> and hyphenation patterns for english, dumylang, nohyphenation, ge
rman-x-2012-05-30, ngerman-x-2012-05-30, afrikaans, ancientgreek, ibycus, arabi
c, armenian, basque, bulgarian, catalan, pinyin, coptic, croatian, czech, danis
h, dutch, ukenglish, usenglishmax, esperanto, estonian, ethiopic, farsi, finnis
h, french, friulan, galician, german, ngerman, swissgerman, monogreek, greek, h
ungarian, icelandic, assamese, bengali, gujarati, hindi, kannada, malayalam, ma
rathi, oriya, panjabi, tamil, telugu, indonesian, interlingua, irish, italian, 
kurmanji, latin, latvian, lithuanian, mongolian, mongolianlmc, bokmal, nynorsk,
 piedmontese, polish, portuguese, romanian, romansh, russian, sanskrit, serbian
, serbianc, slovak, slovenian, spanish, swedish, turkish, turkmen, ukrainian, u
ppersorbian, welsh, loaded.
(c:/texlive/2012/texmf-dist/tex/latex/base/report.cls
Document Class: report 2007/10/19 v1.4h Standard LaTeX document class
(c:/texlive/2012/texmf-dist/tex/latex/base/size12.clo
File: size12.clo 2007/10/19 v1.4h Standard LaTeX file (size option)
)
\c@part=\count79
\c@chapter=\count80
\c@section=\count81
\c@subsection=\count82
\c@subsubsection=\count83
\c@paragraph=\count84
\c@subparagraph=\count85
\c@figure=\count86
\c@table=\count87
\abovecaptionskip=\skip41
\belowcaptionskip=\skip42
\bibindent=\dimen102
)
(c:/texlive/2012/texmf-dist/tex/latex/base/fontenc.sty
Package: fontenc 2005/09/27 v1.99g Standard LaTeX package

(c:/texlive/2012/texmf-dist/tex/latex/base/t1enc.def
File: t1enc.def 2005/09/27 v1.99g Standard LaTeX file
LaTeX Font Info:    Redeclaring font encoding T1 on input line 43.
))
(c:/texlive/2012/texmf-dist/tex/latex/geometry/geometry.sty
Package: geometry 2010/09/12 v5.6 Page Geometry

(c:/texlive/2012/texmf-dist/tex/latex/graphics/keyval.sty
Package: keyval 1999/03/16 v1.13 key=value parser (DPC)
\KV@toks@=\toks14
)
(c:/texlive/2012/texmf-dist/tex/generic/oberdiek/ifpdf.sty
Package: ifpdf 2011/01/30 v2.3 Provides the ifpdf switch (HO)
Package ifpdf Info: pdfTeX in PDF mode is detected.
)
(c:/texlive/2012/texmf-dist/tex/generic/oberdiek/ifvtex.sty
Package: ifvtex 2010/03/01 v1.5 Detect VTeX and its facilities (HO)
Package ifvtex Info: VTeX not detected.
)
(c:/texlive/2012/texmf-dist/tex/generic/ifxetex/ifxetex.sty
Package: ifxetex 2010/09/12 v0.6 Provides ifxetex conditional
)
\Gm@cnth=\count88
\Gm@cntv=\count89
\c@Gm@tempcnt=\count90
\Gm@bindingoffset=\dimen103
\Gm@wd@mp=\dimen104
\Gm@odd@mp=\dimen105
\Gm@even@mp=\dimen106
\Gm@layoutwidth=\dimen107
\Gm@layoutheight=\dimen108
\Gm@layouthoffset=\dimen109
\Gm@layoutvoffset=\dimen110
\Gm@dimlist=\toks15
)
(c:/texlive/2012/texmf-dist/tex/latex/graphics/graphicx.sty
Package: graphicx 1999/02/16 v1.0f Enhanced LaTeX Graphics (DPC,SPQR)

(c:/texlive/2012/texmf-dist/tex/latex/graphics/graphics.sty
Package: graphics 2009/02/05 v1.0o Standard LaTeX Graphics (DPC,SPQR)

(c:/texlive/2012/texmf-dist/tex/latex/graphics/trig.sty
Package: trig 1999/03/16 v1.09 sin cos tan (DPC)
)
(c:/texlive/2012/texmf-dist/tex/latex/latexconfig/graphics.cfg
File: graphics.cfg 2010/04/23 v1.9 graphics configuration of TeX Live
)
Package graphics Info: Driver file: pdftex.def on input line 91.

(c:/texlive/2012/texmf-dist/tex/latex/pdftex-def/pdftex.def
File: pdftex.def 2011/05/27 v0.06d Graphics/color for pdfTeX

(c:/texlive/2012/texmf-dist/tex/generic/oberdiek/infwarerr.sty
Package: infwarerr 2010/04/08 v1.3 Providing info/warning/error messages (HO)
)
(c:/texlive/2012/texmf-dist/tex/generic/oberdiek/ltxcmds.sty
Package: ltxcmds 2011/11/09 v1.22 LaTeX kernel commands for general use (HO)
)
\Gread@gobject=\count91
))
\Gin@req@height=\dimen111
\Gin@req@width=\dimen112
)
(c:/texlive/2012/texmf-dist/tex/latex/multirow/multirow.sty
\bigstrutjot=\dimen113
)
(c:/texlive/2012/texmf-dist/tex/latex/tools/array.sty
Package: array 2008/09/09 v2.4c Tabular extension package (FMi)
\col@sep=\dimen114
\extrarowheight=\dimen115
\NC@list=\toks16
\extratabsurround=\skip43
\backup@length=\skip44
)
(c:/texlive/2012/texmf-dist/tex/latex/tools/tabularx.sty
Package: tabularx 1999/01/07 v2.07 `tabularx' package (DPC)
\TX@col@width=\dimen116
\TX@old@table=\dimen117
\TX@old@col=\dimen118
\TX@target=\dimen119
\TX@delta=\dimen120
\TX@cols=\count92
\TX@ftn=\toks17
)
(c:/texlive/2012/texmf-dist/tex/latex/booktabs/booktabs.sty
Package: booktabs 2005/04/14 v1.61803 publication quality tables
\heavyrulewidth=\dimen121
\lightrulewidth=\dimen122
\cmidrulewidth=\dimen123
\belowrulesep=\dimen124
\belowbottomsep=\dimen125
\aboverulesep=\dimen126
\abovetopsep=\dimen127
\cmidrulesep=\dimen128
\cmidrulekern=\dimen129
\defaultaddspace=\dimen130
\@cmidla=\count93
\@cmidlb=\count94
\@aboverulesep=\dimen131
\@belowrulesep=\dimen132
\@thisruleclass=\count95
\@lastruleclass=\count96
\@thisrulewidth=\dimen133
)
(c:/texlive/2012/texmf-dist/tex/latex/ltxmisc/topcapt.sty
Package: topcapt 2004/12/11 v1.2 Caption at top of float
)
(c:/texlive/2012/texmf-dist/tex/latex/setspace/setspace.sty
Package: setspace 2011/12/19 v6.7a set line spacing
)
(c:/texlive/2012/texmf-dist/tex/latex/threeparttable/threeparttable.sty
Package: threeparttable 2003/06/13  v 3.0
\@tempboxb=\box26
)
(c:/texlive/2012/texmf-dist/tex/latex/subfig/subfig.sty
Package: subfig 2005/06/28 ver: 1.3 subfig package

(c:/texlive/2012/texmf-dist/tex/latex/caption/caption3.sty
Package: caption3 2013/02/03 v1.5-62 caption3 kernel (AR)
\captionmargin=\dimen134
\captionmargin@=\dimen135
\captionwidth=\dimen136
\caption@tempdima=\dimen137
\caption@indent=\dimen138
\caption@parindent=\dimen139
\caption@hangindent=\dimen140
)
\c@KVtest=\count97
\sf@farskip=\skip45
\sf@captopadj=\dimen141
\sf@capskip=\skip46
\sf@nearskip=\skip47
\c@subfigure=\count98
\c@subfigure@save=\count99
\c@lofdepth=\count100
\c@subtable=\count101
\c@subtable@save=\count102
\c@lotdepth=\count103
\sf@top=\skip48
\sf@bottom=\skip49
) (./rotating.sty
Package: rotating 2009/03/28 v2.16b rotated objects in LaTeX

(c:/texlive/2012/texmf-dist/tex/latex/base/ifthen.sty
Package: ifthen 2001/05/26 v1.1c Standard LaTeX ifthen package (DPC)
)
\c@r@tfl@t=\count104
\rotFPtop=\skip50
\rotFPbot=\skip51
\rot@float@box=\box27
\rot@mess@toks=\toks18
)
(c:/texlive/2012/texmf-dist/tex/latex/natbib/natbib.sty
Package: natbib 2010/09/13 8.31b (PWD, AO)
\bibhang=\skip52
\bibsep=\skip53
LaTeX Info: Redefining \cite on input line 694.
\c@NAT@ctr=\count105
)
(c:/texlive/2012/texmf-dist/tex/latex/hyperref/hyperref.sty
Package: hyperref 2012/11/06 v6.83m Hypertext links for LaTeX

(c:/texlive/2012/texmf-dist/tex/generic/oberdiek/hobsub-hyperref.sty
Package: hobsub-hyperref 2012/05/28 v1.13 Bundle oberdiek, subset hyperref (HO)


(c:/texlive/2012/texmf-dist/tex/generic/oberdiek/hobsub-generic.sty
Package: hobsub-generic 2012/05/28 v1.13 Bundle oberdiek, subset generic (HO)
Package: hobsub 2012/05/28 v1.13 Construct package bundles (HO)
Package hobsub Info: Skipping package `infwarerr' (already loaded).
Package hobsub Info: Skipping package `ltxcmds' (already loaded).
Package: ifluatex 2010/03/01 v1.3 Provides the ifluatex switch (HO)
Package ifluatex Info: LuaTeX not detected.
Package hobsub Info: Skipping package `ifvtex' (already loaded).
Package: intcalc 2007/09/27 v1.1 Expandable calculations with integers (HO)
Package hobsub Info: Skipping package `ifpdf' (already loaded).
Package: etexcmds 2011/02/16 v1.5 Avoid name clashes with e-TeX commands (HO)
Package etexcmds Info: Could not find \expanded.
(etexcmds)             That can mean that you are not using pdfTeX 1.50 or
(etexcmds)             that some package has redefined \expanded.
(etexcmds)             In the latter case, load this package earlier.
Package: kvsetkeys 2012/04/25 v1.16 Key value parser (HO)
Package: kvdefinekeys 2011/04/07 v1.3 Define keys (HO)
Package: pdftexcmds 2011/11/29 v0.20 Utility functions of pdfTeX for LuaTeX (HO
)
Package pdftexcmds Info: LuaTeX not detected.
Package pdftexcmds Info: \pdf@primitive is available.
Package pdftexcmds Info: \pdf@ifprimitive is available.
Package pdftexcmds Info: \pdfdraftmode found.
Package: pdfescape 2011/11/25 v1.13 Implements pdfTeX's escape features (HO)
Package: bigintcalc 2012/04/08 v1.3 Expandable calculations on big integers (HO
)
Package: bitset 2011/01/30 v1.1 Handle bit-vector datatype (HO)
Package: uniquecounter 2011/01/30 v1.2 Provide unlimited unique counter (HO)
)
Package hobsub Info: Skipping package `hobsub' (already loaded).
Package: letltxmacro 2010/09/02 v1.4 Let assignment for LaTeX macros (HO)
Package: hopatch 2012/05/28 v1.2 Wrapper for package hooks (HO)
Package: xcolor-patch 2011/01/30 xcolor patch
Package: atveryend 2011/06/30 v1.8 Hooks at the very end of document (HO)
Package atveryend Info: \enddocument detected (standard20110627).
Package: atbegshi 2011/10/05 v1.16 At begin shipout hook (HO)
Package: refcount 2011/10/16 v3.4 Data extraction from label references (HO)
Package: hycolor 2011/01/30 v1.7 Color options for hyperref/bookmark (HO)
)
(c:/texlive/2012/texmf-dist/tex/latex/oberdiek/auxhook.sty
Package: auxhook 2011/03/04 v1.3 Hooks for auxiliary files (HO)
)
(c:/texlive/2012/texmf-dist/tex/latex/oberdiek/kvoptions.sty
Package: kvoptions 2011/06/30 v3.11 Key value format for package options (HO)
)
\@linkdim=\dimen142
\Hy@linkcounter=\count106
\Hy@pagecounter=\count107

(c:/texlive/2012/texmf-dist/tex/latex/hyperref/pd1enc.def
File: pd1enc.def 2012/11/06 v6.83m Hyperref: PDFDocEncoding definition (HO)
)
\Hy@SavedSpaceFactor=\count108

(c:/texlive/2012/texmf-dist/tex/latex/latexconfig/hyperref.cfg
File: hyperref.cfg 2002/06/06 v1.2 hyperref configuration of TeXLive
)
Package hyperref Info: Hyper figures OFF on input line 4443.
Package hyperref Info: Link nesting OFF on input line 4448.
Package hyperref Info: Hyper index ON on input line 4451.
Package hyperref Info: Plain pages OFF on input line 4458.
Package hyperref Info: Backreferencing OFF on input line 4463.
Package hyperref Info: Implicit mode ON; LaTeX internals redefined.
Package hyperref Info: Bookmarks ON on input line 4688.
\c@Hy@tempcnt=\count109

(c:/texlive/2012/texmf-dist/tex/latex/url/url.sty
\Urlmuskip=\muskip10
Package: url 2006/04/12  ver 3.3  Verb mode for urls, etc.
)
LaTeX Info: Redefining \url on input line 5041.
\XeTeXLinkMargin=\dimen143
\Fld@menulength=\count110
\Field@Width=\dimen144
\Fld@charsize=\dimen145
Package hyperref Info: Hyper figures OFF on input line 6295.
Package hyperref Info: Link nesting OFF on input line 6300.
Package hyperref Info: Hyper index ON on input line 6303.
Package hyperref Info: backreferencing OFF on input line 6310.
Package hyperref Info: Link coloring OFF on input line 6315.
Package hyperref Info: Link coloring with OCG OFF on input line 6320.
Package hyperref Info: PDF/A mode OFF on input line 6325.
LaTeX Info: Redefining \ref on input line 6365.
LaTeX Info: Redefining \pageref on input line 6369.
\Hy@abspage=\count111
\c@Item=\count112
\c@Hfootnote=\count113
)

Package hyperref Message: Driver (autodetected): hpdftex.

(c:/texlive/2012/texmf-dist/tex/latex/hyperref/hpdftex.def
File: hpdftex.def 2012/11/06 v6.83m Hyperref driver for pdfTeX
\Fld@listcount=\count114
\c@bookmark@seq@number=\count115

(c:/texlive/2012/texmf-dist/tex/latex/oberdiek/rerunfilecheck.sty
Package: rerunfilecheck 2011/04/15 v1.7 Rerun checks for auxiliary files (HO)
Package uniquecounter Info: New unique counter `rerunfilecheck' on input line 2
82.
)
\Hy@SectionHShift=\skip54
)
(c:/texlive/2012/texmf-dist/tex/latex/paralist/paralist.sty
Package: paralist 2002/03/18 v2.3b Extended list environments (BS)
\pltopsep=\skip55
\plpartopsep=\skip56
\plitemsep=\skip57
\plparsep=\skip58
\pl@lab=\toks19
)
(c:/texlive/2012/texmf-dist/tex/latex/base/latexsym.sty
Package: latexsym 1998/08/17 v2.2e Standard LaTeX package (lasy symbols)
\symlasy=\mathgroup4
LaTeX Font Info:    Overwriting symbol font `lasy' in version `bold'
(Font)                  U/lasy/m/n --> U/lasy/b/n on input line 47.
)
(c:/texlive/2012/texmf-dist/tex/latex/amsfonts/amssymb.sty
Package: amssymb 2013/01/14 v3.01 AMS font symbols

(c:/texlive/2012/texmf-dist/tex/latex/amsfonts/amsfonts.sty
Package: amsfonts 2013/01/14 v3.01 Basic AMSFonts support
\@emptytoks=\toks20
\symAMSa=\mathgroup5
\symAMSb=\mathgroup6
LaTeX Font Info:    Overwriting math alphabet `\mathfrak' in version `bold'
(Font)                  U/euf/m/n --> U/euf/b/n on input line 106.
))
(c:/texlive/2012/texmf-dist/tex/latex/amsmath/amsmath.sty
Package: amsmath 2013/01/14 v2.14 AMS math features
\@mathmargin=\skip59

For additional information on amsmath, use the `?' option.
(c:/texlive/2012/texmf-dist/tex/latex/amsmath/amstext.sty
Package: amstext 2000/06/29 v2.01

(c:/texlive/2012/texmf-dist/tex/latex/amsmath/amsgen.sty
File: amsgen.sty 1999/11/30 v2.0
\@emptytoks=\toks21
\ex@=\dimen146
))
(c:/texlive/2012/texmf-dist/tex/latex/amsmath/amsbsy.sty
Package: amsbsy 1999/11/29 v1.2d
\pmbraise@=\dimen147
)
(c:/texlive/2012/texmf-dist/tex/latex/amsmath/amsopn.sty
Package: amsopn 1999/12/14 v2.01 operator names
)
\inf@bad=\count116
LaTeX Info: Redefining \frac on input line 210.
\uproot@=\count117
\leftroot@=\count118
LaTeX Info: Redefining \overline on input line 306.
\classnum@=\count119
\DOTSCASE@=\count120
LaTeX Info: Redefining \ldots on input line 378.
LaTeX Info: Redefining \dots on input line 381.
LaTeX Info: Redefining \cdots on input line 466.
\Mathstrutbox@=\box28
\strutbox@=\box29
\big@size=\dimen148
LaTeX Font Info:    Redeclaring font encoding OML on input line 566.
LaTeX Font Info:    Redeclaring font encoding OMS on input line 567.
\macc@depth=\count121
\c@MaxMatrixCols=\count122
\dotsspace@=\muskip11
\c@parentequation=\count123
\dspbrk@lvl=\count124
\tag@help=\toks22
\row@=\count125
\column@=\count126
\maxfields@=\count127
\andhelp@=\toks23
\eqnshift@=\dimen149
\alignsep@=\dimen150
\tagshift@=\dimen151
\tagwidth@=\dimen152
\totwidth@=\dimen153
\lineht@=\dimen154
\@envbody=\toks24
\multlinegap=\skip60
\multlinetaggap=\skip61
\mathdisplay@stack=\toks25
LaTeX Info: Redefining \[ on input line 2665.
LaTeX Info: Redefining \] on input line 2666.
)
(c:/texlive/2012/texmf-dist/tex/latex/graphics/color.sty
Package: color 2005/11/14 v1.0j Standard LaTeX Color (DPC)

(c:/texlive/2012/texmf-dist/tex/latex/latexconfig/color.cfg
File: color.cfg 2007/01/18 v1.5 color configuration of teTeX/TeXLive
)
Package color Info: Driver file: pdftex.def on input line 130.
)
(c:/texlive/2012/texmf-dist/tex/latex/fancyhdr/fancyhdr.sty
\fancy@headwidth=\skip62
\f@ncyO@elh=\skip63
\f@ncyO@erh=\skip64
\f@ncyO@olh=\skip65
\f@ncyO@orh=\skip66
\f@ncyO@elf=\skip67
\f@ncyO@erf=\skip68
\f@ncyO@olf=\skip69
\f@ncyO@orf=\skip70
)
(build/vaisagh_thesis.aux (build/Introduction.aux)

LaTeX Warning: Label `tab:RealWorldDistanceDeviation' multiply defined.


LaTeX Warning: Label `Exp4' multiply defined.

)
\openout1 = `vaisagh_thesis.aux'.

LaTeX Font Info:    Checking defaults for OML/cmm/m/it on input line 98.
LaTeX Font Info:    ... okay on input line 98.
LaTeX Font Info:    Checking defaults for T1/cmr/m/n on input line 98.
LaTeX Font Info:    ... okay on input line 98.
LaTeX Font Info:    Checking defaults for OT1/cmr/m/n on input line 98.
LaTeX Font Info:    ... okay on input line 98.
LaTeX Font Info:    Checking defaults for OMS/cmsy/m/n on input line 98.
LaTeX Font Info:    ... okay on input line 98.
LaTeX Font Info:    Checking defaults for OMX/cmex/m/n on input line 98.
LaTeX Font Info:    ... okay on input line 98.
LaTeX Font Info:    Checking defaults for U/cmr/m/n on input line 98.
LaTeX Font Info:    ... okay on input line 98.
LaTeX Font Info:    Checking defaults for PD1/pdf/m/n on input line 98.
LaTeX Font Info:    ... okay on input line 98.

*geometry* driver: auto-detecting
*geometry* detected driver: pdftex

Package geometry Warning: The marginal notes overrun the paper.
     Add 38.0945pt and more to the right margin.

*geometry* verbose mode - [ preamble ] result:
* driver: pdftex
* paper: a4paper
* layout: <same size as paper>
* layoutoffset:(h,v)=(0.0pt,0.0pt)
* modes: twoside 
* h-part:(L,W,R)=(105.27519pt, 435.32718pt, 56.9055pt)
* v-part:(T,H,B)=(56.9055pt, 731.23584pt, 56.9055pt)
* \paperwidth=597.50787pt
* \paperheight=845.04684pt
* \textwidth=435.32718pt
* \textheight=731.23584pt
* \oddsidemargin=33.0052pt
* \evensidemargin=-15.36449pt
* \topmargin=-52.36449pt
* \headheight=32.0pt
* \headsep=25.0pt
* \topskip=12.0pt
* \footskip=30.0pt
* \marginparwidth=85.0pt
* \marginparsep=10.0pt
* \columnsep=10.0pt
* \skip\footins=10.8pt plus 4.0pt minus 2.0pt
* \hoffset=0.0pt
* \voffset=0.0pt
* \mag=1000
* \@twocolumnfalse
* \@twosidetrue
* \@mparswitchtrue
* \@reversemarginfalse
* (1in=72.27pt=25.4mm, 1cm=28.453pt)

(c:/texlive/2012/texmf-dist/tex/context/base/supp-pdf.mkii
[Loading MPS to PDF converter (version 2006.09.02).]
\scratchcounter=\count128
\scratchdimen=\dimen155
\scratchbox=\box30
\nofMPsegments=\count129
\nofMParguments=\count130
\everyMPshowfont=\toks26
\MPscratchCnt=\count131
\MPscratchDim=\dimen156
\MPnumerator=\count132
\makeMPintoPDFobject=\count133
\everyMPtoPDFconversion=\toks27
) (c:/texlive/2012/texmf-dist/tex/latex/oberdiek/epstopdf-base.sty
Package: epstopdf-base 2010/02/09 v2.5 Base part for package epstopdf

(c:/texlive/2012/texmf-dist/tex/latex/oberdiek/grfext.sty
Package: grfext 2010/08/19 v1.1 Manage graphics extensions (HO)
)
Package grfext Info: Graphics extension search list:
(grfext)             [.png,.pdf,.jpg,.mps,.jpeg,.jbig2,.jb2,.PNG,.PDF,.JPG,.JPE
G,.JBIG2,.JB2,.eps]
(grfext)             \AppendGraphicsExtensions on input line 452.

(c:/texlive/2012/texmf-dist/tex/latex/latexconfig/epstopdf-sys.cfg
File: epstopdf-sys.cfg 2010/07/13 v1.3 Configuration of (r)epstopdf for TeX Liv
e
))
Package caption Info: Begin \AtBeginDocument code.
Package caption Info: subfig package v1.3 is loaded.
Package caption Info: End \AtBeginDocument code.
\AtBeginShipoutBox=\box31
Package hyperref Info: Link coloring OFF on input line 98.

(c:/texlive/2012/texmf-dist/tex/latex/hyperref/nameref.sty
Package: nameref 2012/10/27 v2.43 Cross-referencing by name of section

(c:/texlive/2012/texmf-dist/tex/generic/oberdiek/gettitlestring.sty
Package: gettitlestring 2010/12/03 v1.4 Cleanup title references (HO)
)
\c@section@level=\count134
)
LaTeX Info: Redefining \ref on input line 98.
LaTeX Info: Redefining \pageref on input line 98.
LaTeX Info: Redefining \nameref on input line 98.

(build/vaisagh_thesis.out) (build/vaisagh_thesis.out)
\@outlinefile=\write3
\openout3 = `vaisagh_thesis.out'.


<figures/ntulogo.pdf, id=486, 240.9pt x 87.32625pt>
File: figures/ntulogo.pdf Graphic file (type pdf)
 <use figures/ntulogo.pdf>
Package pdftex.def Info: figures/ntulogo.pdf used on input line 111.
(pdftex.def)             Requested size: 240.8994pt x 87.32603pt.

[1

{c:/texlive/2012/texmf-var/fonts/map/pdftex/updmap/pdftex.map} <./figures/ntulo
go.pdf>] (./abstract.tex [1]pdfTeX warning (ext4): destination with the same id
entifier (name{page.i}) has been already used, duplicate ignored
<to be read again> 
                   \relax 
l.11 \end{abstract}
                    [1]) (./acknow.tex [2]
Underfull \hbox (badness 10000) in paragraph at lines 4--11

 []


Underfull \hbox (badness 10000) in paragraph at lines 4--11

 []

pdfTeX warning (ext4): destination with the same identifier (name{page.i}) has 
been already used, duplicate ignored
<to be read again> 
                   \relax 
l.11 \end{acknowledgements}
                            [1])pdfTeX warning (ext4): destination with the sam
e identifier (name{page.ii}) has been already used, duplicate ignored
<to be read again> 
                   \relax 
l.157 	\tableofcontents
                        [2

] (build/vaisagh_thesis.toc
LaTeX Font Info:    Try loading font information for U+lasy on input line 2.

(c:/texlive/2012/texmf-dist/tex/latex/base/ulasy.fd
File: ulasy.fd 1998/08/17 v2.2e LaTeX symbol font definitions
)
LaTeX Font Info:    Try loading font information for U+msa on input line 2.

(c:/texlive/2012/texmf-dist/tex/latex/amsfonts/umsa.fd
File: umsa.fd 2013/01/14 v3.01 AMS symbols A
)
LaTeX Font Info:    Try loading font information for U+msb on input line 2.

(c:/texlive/2012/texmf-dist/tex/latex/amsfonts/umsb.fd
File: umsb.fd 2013/01/14 v3.01 AMS symbols B
) [3] [4] [5])
\tf@toc=\write4
\openout4 = `vaisagh_thesis.toc'.

 [6]
(build/vaisagh_thesis.lof

Package natbib Warning: Citation `hunanThesis' on page vii undefined on input l
ine 39.

[7

]
Underfull \vbox (badness 10000) has occurred while \output is active []

 [8]
LaTeX Font Info:    Try loading font information for T1+cmtt on input line 110.


(c:/texlive/2012/texmf-dist/tex/latex/base/t1cmtt.fd
File: t1cmtt.fd 1999/05/25 v2.5h Standard LaTeX font definitions
)
Underfull \vbox (badness 10000) has occurred while \output is active []

 [9])
\tf@lof=\write5
\openout5 = `vaisagh_thesis.lof'.


[10] (build/vaisagh_thesis.lot

Package natbib Warning: Citation `hunanThesis' on page xi undefined on input li
ne 7.


Package natbib Warning: Citation `hunanThesis' on page xi undefined on input li
ne 8.

)
\tf@lot=\write6
\openout6 = `vaisagh_thesis.lot'.

 [11

]
\openout2 = `Introduction.aux'.

 (./Introduction.tex
Chapter 1.

Package natbib Warning: Citation `Zhou:2010:CMS:1842722.1842725' on page 1 unde
fined on input line 17.


Package natbib Warning: Citation `Gwynne1999741' on page 1 undefined on input l
ine 17.


Package natbib Warning: Citation `Snape:2012' on page 1 undefined on input line
 17.


Package natbib Warning: Citation `ageOfEmpires:2013' on page 1 undefined on inp
ut line 17.


Package natbib Warning: Citation `PhysRevE.51.4282' on page 1 undefined on inpu
t line 17.


Package natbib Warning: Citation `PEDFull:2011' on page 1 undefined on input li
ne 17.


Package natbib Warning: Citation `Mordvintsev:2012' on page 1 undefined on inpu
t line 17.


Underfull \vbox (badness 1728) has occurred while \output is active []

pdfTeX warning (ext4): destination with the same identifier (name{page.1}) has 
been already used, duplicate ignored
<to be read again> 
                   \relax 
l.18 
      [1


]
Underfull \vbox (badness 10000) has occurred while \output is active []

 [2]

Package natbib Warning: Citation `Klupfel:2003wa' on page 3 undefined on input 
line 41.

LaTeX Font Info:    Try loading font information for OMS+cmr on input line 55.
(c:/texlive/2012/texmf-dist/tex/latex/base/omscmr.fd
File: omscmr.fd 1999/05/25 v2.5h Standard LaTeX font definitions
)
LaTeX Font Info:    Font shape `OMS/cmr/m/n' in size <12> not available
(Font)              Font shape `OMS/cmsy/m/n' tried instead on input line 55.
 [3]) [4]
(./LiteratureReview.tex
Chapter 2.
[5


]
Underfull \vbox (badness 10000) has occurred while \output is active []

 [6]
[7]

Package natbib Warning: Citation `Latane:1969wm' on page 8 undefined on input l
ine 44.

[8] [9] [10]

pdfTeX warning: pdflatex.exe (file ./figures/EgressStrategies.pdf): PDF inclusi
on: found PDF version <1.6>, but at most version <1.5> allowed
<figures/EgressStrategies.pdf, id=1083, 554.15031pt x 431.42178pt>
File: figures/EgressStrategies.pdf Graphic file (type pdf)

<use figures/EgressStrategies.pdf>
Package pdftex.def Info: figures/EgressStrategies.pdf used on input line 88.
(pdftex.def)             Requested size: 435.33873pt x 289.084pt.

Underfull \vbox (badness 2205) has occurred while \output is active []

 [11]
Underfull \vbox (badness 7099) has occurred while \output is active []

 [12 <./figures/EgressStrategies.pdf>] [13] [14] [15]

Package natbib Warning: Citation `Klupfel:2003wa' on page 16 undefined on input
 line 150.

[16]

Package natbib Warning: Citation `Nagai:2004kl' on page 17 undefined on input l
ine 166.

[17] [18]

Package natbib Warning: Citation `Hoekstra:2010' on page 19 undefined on input 
line 212.


Overfull \hbox (0.64693pt too wide) in paragraph at lines 212--213
 \T1/cmr/bx/n/12 2.3.2.3.1 Cel-lu-lar Au-tomata based ap-proaches:[][] \T1/cmr/
m/n/12 A Cel-lu-lar Au-toma-tion (CA)
 []


Package natbib Warning: Citation `Yuan:2007ja' on page 19 undefined on input li
ne 215.


Package natbib Warning: Citation `Yamamoto:2007dc' on page 19 undefined on inpu
t line 217.


Package natbib Warning: Citation `Klein:2009' on page 19 undefined on input lin
e 217.

[19]

Package natbib Warning: Citation `Klupfel:2003wa' on page 20 undefined on input
 line 219.


Package natbib Warning: Citation `Marconi2002' on page 20 undefined on input li
ne 226.


Package natbib Warning: Citation `Nagai:2004kl' on page 20 undefined on input l
ine 226.


Package natbib Warning: Citation `nishinari2004extended' on page 20 undefined o
n input line 232.


Package natbib Warning: Citation `Qi:2011kv' on page 20 undefined on input line
 232.

[20]

Package natbib Warning: Citation `IntelligentAgentsWoolridge' on page 21 undefi
ned on input line 243.


Package natbib Warning: Citation `BDI' on page 21 undefined on input line 243.


Underfull \vbox (badness 7326) has occurred while \output is active []

 [21]
[22] [23]
Overfull \hbox (10.00293pt too wide) in paragraph at lines 286--287
\T1/cmr/m/n/12 li-brary of well-established and data-grounded Per-for-mance Mod
-er-a-tor Func-tions (PMFs)
 []

[24] [25] <figures/exodus.pdf, id=1295, 729.72626pt x 435.6275pt>
File: figures/exodus.pdf Graphic file (type pdf)

<use figures/exodus.pdf>
Package pdftex.def Info: figures/exodus.pdf used on input line 318.
(pdftex.def)             Requested size: 435.32718pt x 259.87627pt.
 [26] [27 <./figures/exodus.pdf>]
Underfull \vbox (badness 10000) has occurred while \output is active []

 [28]
[29] [30] [31]) (./InfoBasedArchitecture.tex [32]
Chapter 3.
<figures/fig-ProcessOfEvacuation.pdf, id=1361, 433.62pt x 397.485pt>
File: figures/fig-ProcessOfEvacuation.pdf Graphic file (type pdf)

<use figures/fig-ProcessOfEvacuation.pdf>
Package pdftex.def Info: figures/fig-ProcessOfEvacuation.pdf used on input line
 11.
(pdftex.def)             Requested size: 315.36885pt x 289.07999pt.


LaTeX Warning: Reference `IBEVAC:Shortcomings' on page 33 undefined on input li
ne 17.


LaTeX Warning: Reference `IBEVAC:RemainingChapters' on page 33 undefined on inp
ut line 17.

[33

] [34 <./figures/fig-ProcessOfEvacuation.pdf>]

Package natbib Warning: Citation `CognitiveMapCitation' on page 35 undefined on
 input line 47.

[35] <figures/NavigationWithFormula.pdf, id=1417, 572.1375pt x 462.72874pt>
File: figures/NavigationWithFormula.pdf Graphic file (type pdf)

<use figures/NavigationWithFormula.pdf>
Package pdftex.def Info: figures/NavigationWithFormula.pdf used on input line 6
8.
(pdftex.def)             Requested size: 446.78925pt x 361.34999pt.

Overfull \hbox (11.46207pt too wide) in paragraph at lines 68--69
 [][] 
 []


Overfull \hbox (0.48395pt too wide) in paragraph at lines 75--76
[]\T1/cmr/m/n/12 The \T1/cmr/m/it/12 Cur-rent Way-point Path De-ter-mi-na-tion 
\T1/cmr/m/n/12 ($\OML/cmm/m/it/12 PD$\T1/cmr/m/n/12 ) dif-fers from the higher
 []


Underfull \vbox (badness 4242) has occurred while \output is active []

 [36]
[37 <./figures/NavigationWithFormula.pdf>]
Underfull \hbox (badness 10000) in paragraph at lines 94--94
[]|\T1/cmr/m/n/12 Building
 []


Underfull \hbox (badness 1264) in paragraph at lines 97--97
[]|\T1/cmr/m/n/12 Event Iden-ti-
 []


Underfull \hbox (badness 1776) in paragraph at lines 97--97
[]|\T1/cmr/m/n/12 The pro-cess by which the
 []


Underfull \hbox (badness 10000) in paragraph at lines 98--98
[]|\T1/cmr/m/n/12 Knowledge
 []

[38]

Package natbib Warning: Citation `15MinuteDelayStudy' on page 39 undefined on i
nput line 125.


Package natbib Warning: Citation `PreEvacModel' on page 39 undefined on input l
ine 125.

[39]

Package natbib Warning: Citation `Viswanathan:2011uy' on page 40 undefined on i
nput line 162.


Package natbib Warning: Citation `Viswanathan:2012vt' on page 40 undefined on i
nput line 163.


Package natbib Warning: Citation `Viswanathan:2014' on page 40 undefined on inp
ut line 165.

) (./InfoBasedPerception.tex [40] [41] [42

]
Chapter 4.
[43]

Package natbib Warning: Citation `Viswanathan:2011uy' on page 44 undefined on i
nput line 25.

[44]
Underfull \vbox (badness 10000) has occurred while \output is active []

 [45]
<figures/fig-NavigationArchitecture.pdf, id=1646, 371.3875pt x 451.6875pt>
File: figures/fig-NavigationArchitecture.pdf Graphic file (type pdf)

<use figures/fig-NavigationArchitecture.pdf>
Package pdftex.def Info: figures/fig-NavigationArchitecture.pdf used on input l
ine 51.
(pdftex.def)             Requested size: 237.69852pt x 289.07999pt.


Package natbib Warning: Citation `Klein:2009' on page 46 undefined on input lin
e 56.

[46] [47 <./figures/fig-NavigationArchitecture.pdf>]

Package natbib Warning: Citation `Klein:2009' on page 48 undefined on input lin
e 64.

<figures/PerceptionAndActing.pdf, id=1724, 406.51875pt x 150.5625pt>
File: figures/PerceptionAndActing.pdf Graphic file (type pdf)

<use figures/PerceptionAndActing.pdf>
Package pdftex.def Info: figures/PerceptionAndActing.pdf used on input line 82.

(pdftex.def)             Requested size: 406.51775pt x 150.56212pt.
 [48] [49 <./figures/PerceptionAndActing.pdf>] <figures/ClusterProcessing.pdf, 
id=1790, 438.63875pt x 298.11375pt>
File: figures/ClusterProcessing.pdf Graphic file (type pdf)

<use figures/ClusterProcessing.pdf>
Package pdftex.def Info: figures/ClusterProcessing.pdf used on input line 106.
(pdftex.def)             Requested size: 438.63766pt x 298.11302pt.

Overfull \hbox (3.31049pt too wide) in paragraph at lines 106--107
 [][] 
 []


Underfull \vbox (badness 10000) has occurred while \output is active []

 [50 <./figures/ClusterProcessing.pdf>]
<figures/AttemptedClusterLayer.pdf, id=1848, 552.0625pt x 331.2375pt>
File: figures/AttemptedClusterLayer.pdf Graphic file (type pdf)

<use figures/AttemptedClusterLayer.pdf>
Package pdftex.def Info: figures/AttemptedClusterLayer.pdf used on input line 1
43.
(pdftex.def)             Requested size: 435.3496pt x 252.94601pt.
 [51] [52 <./figures/AttemptedClusterLayer.pdf>] <figures/distanceScore.pdf, id
=1998, 291.0875pt x 286.06876pt>
File: figures/distanceScore.pdf Graphic file (type pdf)

<use figures/distanceScore.pdf>
Package pdftex.def Info: figures/distanceScore.pdf used on input line 170.
(pdftex.def)             Requested size: 291.08678pt x 286.06805pt.

<figures/angleScore.pdf, id=2001, 291.0875pt x 286.06876pt>
File: figures/angleScore.pdf Graphic file (type pdf)

<use figures/angleScore.pdf>
Package pdftex.def Info: figures/angleScore.pdf used on input line 182.
(pdftex.def)             Requested size: 291.08678pt x 286.06805pt.

Underfull \vbox (badness 2608) has occurred while \output is active []

 [53]
[54 <./figures/distanceScore.pdf>] [55 <./figures/angleScore.pdf>]
<figures/Exp1_RVO.jpg, id=2073, 1304.875pt x 301.125pt>
File: figures/Exp1_RVO.jpg Graphic file (type jpg)

<use figures/Exp1_RVO.jpg>
Package pdftex.def Info: figures/Exp1_RVO.jpg used on input line 216.
(pdftex.def)             Requested size: 435.32718pt x 100.46051pt.

<figures/Exp1_GBP.jpg, id=2074, 1032.85875pt x 251.94125pt>
File: figures/Exp1_GBP.jpg Graphic file (type jpg)

<use figures/Exp1_GBP.jpg>
Package pdftex.def Info: figures/Exp1_GBP.jpg used on input line 218.
(pdftex.def)             Requested size: 435.32718pt x 106.1875pt.

Overfull \hbox (4.70392pt too wide) in paragraph at lines 231--231
 []|[]| 
 []

[56 <./figures/Exp1_RVO.jpg> <./figures/Exp1_GBP.jpg>]
<figures/Exp2_RVO2.pdf, id=2085, 1003.75pt x 1104.125pt>
File: figures/Exp2_RVO2.pdf Graphic file (type pdf)

<use figures/Exp2_RVO2.pdf>
Package pdftex.def Info: figures/Exp2_RVO2.pdf used on input line 251.
(pdftex.def)             Requested size: 213.39743pt x 341.43283pt.

<figures/Exp2_GBP.pdf, id=2086, 1003.75pt x 1304.875pt>
File: figures/Exp2_GBP.pdf Graphic file (type pdf)

<use figures/Exp2_GBP.pdf>
Package pdftex.def Info: figures/Exp2_GBP.pdf used on input line 253.
(pdftex.def)             Requested size: 213.39743pt x 341.42978pt.
 [57]
<figures/Exp2_Black_Effort.png, id=2097, 456.7464pt x 258.7266pt>
File: figures/Exp2_Black_Effort.png Graphic file (type png)

<use figures/Exp2_Black_Effort.png>
Package pdftex.def Info: figures/Exp2_Black_Effort.png used on input line 268.
(pdftex.def)             Requested size: 213.39543pt x 142.26451pt.

<figures/Exp2_Black_Inconvenience.png, id=2099, 455.7828pt x 258.7266pt>
File: figures/Exp2_Black_Inconvenience.png Graphic file (type png)

<use figures/Exp2_Black_Inconvenience.png>
Package pdftex.def Info: figures/Exp2_Black_Inconvenience.png used on input lin
e 270.
(pdftex.def)             Requested size: 213.39034pt x 142.26451pt.

<figures/Exp2_Remaining_Effort.png, id=2100, 457.71pt x 257.763pt>
File: figures/Exp2_Remaining_Effort.png Graphic file (type png)

<use figures/Exp2_Remaining_Effort.png>
Package pdftex.def Info: figures/Exp2_Remaining_Effort.png used on input line 2
72.
(pdftex.def)             Requested size: 213.39168pt x 142.26959pt.

<figures/Exp2_Remaining_Inconvenience.png, id=2101, 456.7464pt x 257.763pt>
File: figures/Exp2_Remaining_Inconvenience.png Graphic file (type png)

<use figures/Exp2_Remaining_Inconvenience.png>
Package pdftex.def Info: figures/Exp2_Remaining_Inconvenience.png used on input
 line 274.
(pdftex.def)             Requested size: 213.39543pt x 142.26959pt.
 [58 <./figures/Exp2_RVO2.pdf> <./figures/Exp2_GBP.pdf>]
<figures/Exp3_initial.png, id=2142, 752.8125pt x 451.6875pt>
File: figures/Exp3_initial.png Graphic file (type png)

<use figures/Exp3_initial.png>
Package pdftex.def Info: figures/Exp3_initial.png used on input line 286.
(pdftex.def)             Requested size: 237.10272pt x 142.26378pt.

<figures/Exp3_4_RVO.png, id=2143, 752.8125pt x 451.6875pt>
File: figures/Exp3_4_RVO.png Graphic file (type png)

<use figures/Exp3_4_RVO.png>
Package pdftex.def Info: figures/Exp3_4_RVO.png used on input line 288.
(pdftex.def)             Requested size: 213.3936pt x 113.81068pt.

<figures/Exp3_full_RVO.png, id=2144, 752.8125pt x 451.6875pt>
File: figures/Exp3_full_RVO.png Graphic file (type png)

<use figures/Exp3_full_RVO.png>
Package pdftex.def Info: figures/Exp3_full_RVO.png used on input line 290.
(pdftex.def)             Requested size: 213.3936pt x 113.81068pt.

<figures/Exp3_1_GBP.png, id=2145, 752.8125pt x 451.6875pt>
File: figures/Exp3_1_GBP.png Graphic file (type png)

<use figures/Exp3_1_GBP.png>
Package pdftex.def Info: figures/Exp3_1_GBP.png used on input line 292.
(pdftex.def)             Requested size: 213.3936pt x 113.81068pt.

<figures/Exp3_4_GBP.png, id=2146, 752.8125pt x 451.6875pt>
File: figures/Exp3_4_GBP.png Graphic file (type png)

<use figures/Exp3_4_GBP.png>
Package pdftex.def Info: figures/Exp3_4_GBP.png used on input line 294.
(pdftex.def)             Requested size: 213.3936pt x 113.81068pt.
 [59 <./figures/Exp2_Black_Effort.png> <./figures/Exp2_Black_Inconvenience.png>
 <./figures/Exp2_Remaining_Effort.png> <./figures/Exp2_Remaining_Inconvenience.
png>]
<figures/Exp4_initial.png, id=2162, 883.3pt x 321.2pt>
File: figures/Exp4_initial.png Graphic file (type png)

<use figures/Exp4_initial.png>
Package pdftex.def Info: figures/Exp4_initial.png used on input line 305.
(pdftex.def)             Requested size: 391.22751pt x 142.26378pt.

<figures/Exp4_3_1.png, id=2163, 883.3pt x 321.2pt>
File: figures/Exp4_3_1.png Graphic file (type png)
 <use figures/Exp4_3_1.png>
Package pdftex.def Info: figures/Exp4_3_1.png used on input line 307.
(pdftex.def)             Requested size: 213.38457pt x 113.8087pt.

<figures/Exp4_5_1.png, id=2164, 883.3pt x 321.2pt>
File: figures/Exp4_5_1.png Graphic file (type png)
 <use figures/Exp4_5_1.png>
Package pdftex.def Info: figures/Exp4_5_1.png used on input line 309.
(pdftex.def)             Requested size: 213.38457pt x 113.8087pt.

<figures/Exp4_3_2.png, id=2165, 883.3pt x 321.2pt>
File: figures/Exp4_3_2.png Graphic file (type png)
 <use figures/Exp4_3_2.png>
Package pdftex.def Info: figures/Exp4_3_2.png used on input line 311.
(pdftex.def)             Requested size: 213.38457pt x 113.8087pt.

<figures/Exp4_5_2.png, id=2166, 883.3pt x 321.2pt>
File: figures/Exp4_5_2.png Graphic file (type png)
 <use figures/Exp4_5_2.png>
Package pdftex.def Info: figures/Exp4_5_2.png used on input line 313.
(pdftex.def)             Requested size: 213.38457pt x 113.8087pt.

[60 <./figures/Exp3_initial.png (PNG copy)> <./figures/Exp3_4_RVO.png (PNG copy
)> <./figures/Exp3_full_RVO.png (PNG copy)> <./figures/Exp3_1_GBP.png (PNG copy
)> <./figures/Exp3_4_GBP.png (PNG copy)>] [61 <./figures/Exp4_initial.png (PNG 
copy)> <./figures/Exp4_3_1.png (PNG copy)> <./figures/Exp4_5_1.png (PNG copy)> 
<./figures/Exp4_3_2.png (PNG copy)> <./figures/Exp4_5_2.png (PNG copy)>]

Package natbib Warning: Citation `hunanpaper' on page 62 undefined on input lin
e 325.


Package natbib Warning: Citation `hunanThesis' on page 62 undefined on input li
ne 325.

<figures/schematic_setup.pdf, id=2193, 541.27219pt x 176.91093pt>
File: figures/schematic_setup.pdf Graphic file (type pdf)

<use figures/schematic_setup.pdf>
Package pdftex.def Info: figures/schematic_setup.pdf used on input line 334.
(pdftex.def)             Requested size: 435.32718pt x 142.28748pt.
 [62 <./figures/schematic_setup.pdf>]
<figures/detailed_setup.pdf, id=2219, 428.35031pt x 472.01344pt>
File: figures/detailed_setup.pdf Graphic file (type pdf)

<use figures/detailed_setup.pdf>
Package pdftex.def Info: figures/detailed_setup.pdf used on input line 346.
(pdftex.def)             Requested size: 428.34926pt x 472.01228pt.


Package natbib Warning: Citation `hunanThesis' on page 63 undefined on input li
ne 348.


Package natbib Warning: Citation `hunanThesis' on page 63 undefined on input li
ne 348.

<figures/DataExtractionProcess.pdf, id=2222, 433.62pt x 397.485pt>
File: figures/DataExtractionProcess.pdf Graphic file (type pdf)

<use figures/DataExtractionProcess.pdf>
Package pdftex.def Info: figures/DataExtractionProcess.pdf used on input line 3
56.
(pdftex.def)             Requested size: 325.2142pt x 298.113pt.

<figures/extract_1.jpg, id=2223, 962.09438pt x 284.56313pt>
File: figures/extract_1.jpg Graphic file (type jpg)

<use figures/extract_1.jpg>
Package pdftex.def Info: figures/extract_1.jpg used on input line 364.
(pdftex.def)             Requested size: 213.39369pt x 113.8102pt.

<figures/extract_2.jpg, id=2224, 752.8125pt x 168.63pt>
File: figures/extract_2.jpg Graphic file (type jpg)

<use figures/extract_2.jpg>
Package pdftex.def Info: figures/extract_2.jpg used on input line 366.
(pdftex.def)             Requested size: 213.3936pt x 113.8126pt.

<figures/extract_3.jpg, id=2225, 1003.75pt x 224.84pt>
File: figures/extract_3.jpg Graphic file (type jpg)

<use figures/extract_3.jpg>
Package pdftex.def Info: figures/extract_3.jpg used on input line 368.
(pdftex.def)             Requested size: 213.39743pt x 113.8126pt.

<figures/extract_4.jpg, id=2226, 1003.75pt x 224.84pt>
File: figures/extract_4.jpg Graphic file (type jpg)

<use figures/extract_4.jpg>
Package pdftex.def Info: figures/extract_4.jpg used on input line 370.
(pdftex.def)             Requested size: 213.39743pt x 113.8126pt.

<figures/extract_5.jpg, id=2227, 1003.75pt x 224.84pt>
File: figures/extract_5.jpg Graphic file (type jpg)

<use figures/extract_5.jpg>
Package pdftex.def Info: figures/extract_5.jpg used on input line 372.
(pdftex.def)             Requested size: 213.39743pt x 113.8126pt.

<figures/extract_6.jpg, id=2228, 1003.75pt x 224.84pt>
File: figures/extract_6.jpg Graphic file (type jpg)

<use figures/extract_6.jpg>
Package pdftex.def Info: figures/extract_6.jpg used on input line 374.
(pdftex.def)             Requested size: 213.39743pt x 113.8126pt.

<figures/CategoriesPicture.pdf, id=2231, 1869.98625pt x 327.47343pt>
File: figures/CategoriesPicture.pdf Graphic file (type pdf)

<use figures/CategoriesPicture.pdf>
Package pdftex.def Info: figures/CategoriesPicture.pdf used on input line 388.
(pdftex.def)             Requested size: 435.32718pt x 76.23172pt.

<figures/metricsUsedHuNan.pdf, id=2233, 620.3175pt x 380.17032pt>
File: figures/metricsUsedHuNan.pdf Graphic file (type pdf)

<use figures/metricsUsedHuNan.pdf>
Package pdftex.def Info: figures/metricsUsedHuNan.pdf used on input line 398.
(pdftex.def)             Requested size: 435.32718pt x 266.79611pt.
 [63] [64 <./figures/detailed_setup.pdf>]
<figures/expSimulationSetup.pdf, id=2260, 505.89pt x 161.10187pt>
File: figures/expSimulationSetup.pdf Graphic file (type pdf)

<use figures/expSimulationSetup.pdf>
Package pdftex.def Info: figures/expSimulationSetup.pdf used on input line 424.

(pdftex.def)             Requested size: 435.32718pt x 138.63339pt.

Overfull \hbox (18.0675pt too wide) in paragraph at lines 444--444
[]|[]| 
 []


Overfull \hbox (18.0675pt too wide) in paragraph at lines 453--453
[]|[]| 
 []


Package natbib Warning: Citation `hunanThesis' on page 65 undefined on input li
ne 465.


Package natbib Warning: Citation `hunanThesis' on page 65 undefined on input li
ne 465.


LaTeX Warning: `h' float specifier changed to `ht'.


Package natbib Warning: Citation `hunanThesis' on page 65 undefined on input li
ne 500.


Package natbib Warning: Citation `hunanThesis' on page 65 undefined on input li
ne 500.


LaTeX Warning: `h' float specifier changed to `ht'.

[65 <./figures/DataExtractionProcess.pdf>] [66 <./figures/extract_1.jpg> <./fig
ures/extract_2.jpg> <./figures/extract_3.jpg> <./figures/extract_4.jpg> <./figu
res/extract_5.jpg> <./figures/extract_6.jpg> <./figures/CategoriesPicture.pdf>]
[67 <./figures/metricsUsedHuNan.pdf> <./figures/expSimulationSetup.pdf

pdfTeX warning: pdflatex.exe (file ./figures/expSimulationSetup.pdf): PDF inclu
sion: multiple pdfs with page group included in a single page
>] <figures/SpeedPlot-agent2.png, id=2383, 1730.8665pt x 901.2069pt>
File: figures/SpeedPlot-agent2.png Graphic file (type png)

<use figures/SpeedPlot-agent2.png>
Package pdftex.def Info: figures/SpeedPlot-agent2.png used on input line 508.
(pdftex.def)             Requested size: 391.7918pt x 203.98666pt.

<figures/SpeedPlot-agent1.png, id=2384, 1730.8665pt x 901.2069pt>
File: figures/SpeedPlot-agent1.png Graphic file (type png)

<use figures/SpeedPlot-agent1.png>
Package pdftex.def Info: figures/SpeedPlot-agent1.png used on input line 510.
(pdftex.def)             Requested size: 391.7918pt x 203.98666pt.

<figures/SpeedPlot-agent3.png, id=2385, 1730.8665pt x 901.2069pt>
File: figures/SpeedPlot-agent3.png Graphic file (type png)

<use figures/SpeedPlot-agent3.png>
Package pdftex.def Info: figures/SpeedPlot-agent3.png used on input line 512.
(pdftex.def)             Requested size: 391.7918pt x 203.98666pt.

<figures/DistancePlot-RVO2-IBP.png, id=2389, 1730.8665pt x 901.2069pt>
File: figures/DistancePlot-RVO2-IBP.png Graphic file (type png)

<use figures/DistancePlot-RVO2-IBP.png>
Package pdftex.def Info: figures/DistancePlot-RVO2-IBP.png used on input line 5
25.
(pdftex.def)             Requested size: 289.07999pt x 150.50789pt.
File: figures/DistancePlot-RVO2-IBP.png Graphic file (type png)

<use figures/DistancePlot-RVO2-IBP.png>
Package pdftex.def Info: figures/DistancePlot-RVO2-IBP.png used on input line 5
27.
(pdftex.def)             Requested size: 289.07999pt x 150.50789pt.

<figures/DistancePlot-RVO2.png, id=2390, 1730.8665pt x 901.2069pt>
File: figures/DistancePlot-RVO2.png Graphic file (type png)

<use figures/DistancePlot-RVO2.png>
Package pdftex.def Info: figures/DistancePlot-RVO2.png used on input line 529.
(pdftex.def)             Requested size: 289.07999pt x 150.50789pt.

<figures/DistancePlot-SocialForce.png, id=2391, 1730.8665pt x 901.2069pt>
File: figures/DistancePlot-SocialForce.png Graphic file (type png)

<use figures/DistancePlot-SocialForce.png>
Package pdftex.def Info: figures/DistancePlot-SocialForce.png used on input lin
e 531.
(pdftex.def)             Requested size: 289.07999pt x 150.50789pt.


LaTeX Warning: Float too large for page by 1.56036pt on input line 534.

[68]

LaTeX Warning: Text page 69 contains only floats.


Overfull \vbox (0.32156pt too high) has occurred while \output is active []


[69 <./figures/SpeedPlot-agent2.png> <./figures/SpeedPlot-agent1.png> <./figure
s/SpeedPlot-agent3.png>]) (./PreEvacuation.tex [70] [71 <./figures/DistancePlot
-RVO2-IBP.png> <./figures/DistancePlot-RVO2.png> <./figures/DistancePlot-Social
Force.png>] [72

]
Chapter 5.

Package natbib Warning: Citation `Viswanathan:2012vt' on page 73 undefined on i
nput line 14.


Underfull \vbox (badness 10000) has occurred while \output is active []

 [73]
[74]

Package natbib Warning: Citation `Latane:1969wm' on page 75 undefined on input 
line 40.


Underfull \vbox (badness 4242) has occurred while \output is active []

 [75]
Overfull \hbox (5.91557pt too wide) in paragraph at lines 63--114
 [] 
 []

[76] [77] [78] <figures/layout.pdf, id=2527, 892.83563pt x 770.88pt>
File: figures/layout.pdf Graphic file (type pdf)

<use figures/layout.pdf>
Package pdftex.def Info: figures/layout.pdf used on input line 182.
(pdftex.def)             Requested size: 435.32718pt x 375.86424pt.
 [79]
<figures/Exp1.pdf, id=2539, 589.00049pt x 444.4605pt>
File: figures/Exp1.pdf Graphic file (type pdf)
 <use figures/Exp1.pdf>
Package pdftex.def Info: figures/Exp1.pdf used on input line 215.
(pdftex.def)             Requested size: 435.32718pt x 328.50905pt.

<figures/Exp2.pdf, id=2540, 589.00049pt x 444.4605pt>
File: figures/Exp2.pdf Graphic file (type pdf)
 <use figures/Exp2.pdf>
Package pdftex.def Info: figures/Exp2.pdf used on input line 216.
(pdftex.def)             Requested size: 435.32718pt x 328.50905pt.


LaTeX Warning: Float too large for page by 2.5469pt on input line 220.


Underfull \vbox (badness 10000) has occurred while \output is active []

 [80 <./figures/layout.pdf>]) (./SpatialKnowledgeModelling.tex [81] [82 <./figu
res/Exp1.pdf> <./figures/Exp2.pdf>]
Chapter 6.

Package natbib Warning: Citation `Michael:2005:SGG:1051239' on page 83 undefine
d on input line 16.


Package natbib Warning: Citation `Waller:2002we' on page 83 undefined on input 
line 16.


Package natbib Warning: Citation `Viswanathan2014' on page 83 undefined on inpu
t line 16.


Package natbib Warning: Citation `Michael:2005:SGG:1051239' on page 83 undefine
d on input line 16.


Package natbib Warning: Citation `hays1992flight' on page 83 undefined on input
 line 16.


Package natbib Warning: Citation `jama.282.9.861' on page 83 undefined on input
 line 16.


Package natbib Warning: Citation `Bode2013347' on page 83 undefined on input li
ne 17.

[83

] [84] [85] [86]

Package natbib Warning: Citation `Bode2013347' on page 87 undefined on input li
ne 78.

[87] [88] <figures/floor0WithRooms.png, id=2742, 807.015pt x 663.22781pt>
File: figures/floor0WithRooms.png Graphic file (type png)

<use figures/floor0WithRooms.png>
Package pdftex.def Info: figures/floor0WithRooms.png used on input line 114.
(pdftex.def)             Requested size: 242.10637pt x 198.96988pt.

<figures/floor1WithRooms.png, id=2743, 782.925pt x 666.23906pt>
File: figures/floor1WithRooms.png Graphic file (type png)

<use figures/floor1WithRooms.png>
Package pdftex.def Info: figures/floor1WithRooms.png used on input line 118.
(pdftex.def)             Requested size: 234.8793pt x 199.87326pt.

<figures/floor2WithRooms.png, id=2744, 481.8pt x 409.53pt>
File: figures/floor2WithRooms.png Graphic file (type png)

<use figures/floor2WithRooms.png>
Package pdftex.def Info: figures/floor2WithRooms.png used on input line 122.
(pdftex.def)             Requested size: 144.5411pt x 122.85994pt.
 [89]
Underfull \vbox (badness 10000) has occurred while \output is active []

 [90 <./figures/floor0WithRooms.png> <./figures/floor1WithRooms.png> <./figures
/floor2WithRooms.png>]
<figures/unscaledRoomLayout.pdf, id=2762, 1411.2725pt x 455.7025pt>
File: figures/unscaledRoomLayout.pdf Graphic file (type pdf)

<use figures/unscaledRoomLayout.pdf>
Package pdftex.def Info: figures/unscaledRoomLayout.pdf used on input line 169.

(pdftex.def)             Requested size: 731.23584pt x 236.11833pt.
 [91] [92 <./figures/unscaledRoomLayout.pdf>] <figures/scaledGraph.pdf, id=2800
, 1441.385pt x 527.9725pt>
File: figures/scaledGraph.pdf Graphic file (type pdf)

<use figures/scaledGraph.pdf>
Package pdftex.def Info: figures/scaledGraph.pdf used on input line 209.
(pdftex.def)             Requested size: 731.23584pt x 267.84451pt.

<figures/scaledGraphPerFloor.pdf, id=2807, 1441.385pt x 508.90125pt>
File: figures/scaledGraphPerFloor.pdf Graphic file (type pdf)

<use figures/scaledGraphPerFloor.pdf>
Package pdftex.def Info: figures/scaledGraphPerFloor.pdf used on input line 218
.
(pdftex.def)             Requested size: 731.23584pt x 258.16953pt.
 [93] [94 <./figures/scaledGraph.pdf>]
[95 <./figures/scaledGraphPerFloor.pdf>] [96] [97]
<figures/coverage-300.PNG, id=2899, 1454.7951pt x 757.3896pt>
File: figures/coverage-300.PNG Graphic file (type png)

<use figures/coverage-300.PNG>
Package pdftex.def Info: figures/coverage-300.PNG used on input line 371.
(pdftex.def)             Requested size: 361.34999pt x 188.1219pt.
 [98 <./figures/coverage-300.PNG>]
<figures/hops-88.PNG, id=2909, 1495.2663pt x 750.1626pt>
File: figures/hops-88.PNG Graphic file (type png)

<use figures/hops-88.PNG>
Package pdftex.def Info: figures/hops-88.PNG used on input line 394.
(pdftex.def)             Requested size: 361.34999pt x 181.27893pt.

<figures/hops-50.PNG, id=2910, 1475.0307pt x 742.9356pt>
File: figures/hops-50.PNG Graphic file (type png)

<use figures/hops-50.PNG>
Package pdftex.def Info: figures/hops-50.PNG used on input line 396.
(pdftex.def)             Requested size: 361.34999pt x 182.0038pt.
 [99]
<figures/simpleCorridorBehavior.png, id=2919, 1336.995pt x 758.835pt>
File: figures/simpleCorridorBehavior.png Graphic file (type png)

<use figures/simpleCorridorBehavior.png>
Package pdftex.def Info: figures/simpleCorridorBehavior.png used on input line 
422.
(pdftex.def)             Requested size: 435.32718pt x 247.0816pt.

<figures/dormCorrLayout.png, id=2920, 416.55624pt x 258.9675pt>
File: figures/dormCorrLayout.png Graphic file (type png)

<use figures/dormCorrLayout.png>
Package pdftex.def Info: figures/dormCorrLayout.png used on input line 434.
(pdftex.def)             Requested size: 416.55522pt x 258.96684pt.
 [100 <./figures/hops-88.PNG> <./figures/hops-50.PNG>] <figures/CorrA2-tasks.pn
g, id=2930, 1336.995pt x 758.835pt>
File: figures/CorrA2-tasks.png Graphic file (type png)

<use figures/CorrA2-tasks.png>
Package pdftex.def Info: figures/CorrA2-tasks.png used on input line 444.
(pdftex.def)             Requested size: 435.32718pt x 247.0816pt.

<figures/DormCorr-tasks.png, id=2931, 1336.995pt x 758.835pt>
File: figures/DormCorr-tasks.png Graphic file (type png)

<use figures/DormCorr-tasks.png>
Package pdftex.def Info: figures/DormCorr-tasks.png used on input line 451.
(pdftex.def)             Requested size: 435.32718pt x 247.0816pt.
 [101 <./figures/simpleCorridorBehavior.png>])
(./MotionPlanner.tex [102 <./figures/dormCorrLayout.png>] [103 <./figures/CorrA
2-tasks.png> <./figures/DormCorr-tasks.png>] [104

]
Chapter 7.

Package natbib Warning: Citation `Zhou:2010:CMS:1842722.1842725' on page 105 un
defined on input line 13.


Package natbib Warning: Citation `Gwynne1999741' on page 105 undefined on input
 line 13.


Package natbib Warning: Citation `Snape:2012' on page 105 undefined on input li
ne 13.


Package natbib Warning: Citation `ageOfEmpires:2013' on page 105 undefined on i
nput line 13.


Package natbib Warning: Citation `PhysRevE.51.4282' on page 105 undefined on in
put line 13.


Package natbib Warning: Citation `PEDFull:2011' on page 105 undefined on input 
line 13.


Package natbib Warning: Citation `Mordvintsev:2012' on page 105 undefined on in
put line 13.


Package natbib Warning: Citation `CGF:CGF1090' on page 105 undefined on input l
ine 15.


Package natbib Warning: Citation `HuNan2013' on page 105 undefined on input lin
e 15.


Package natbib Warning: Citation `JOHANSSON2008' on page 105 undefined on input
 line 15.


Package natbib Warning: Citation `PhysRevE.51.4282' on page 105 undefined on in
put line 15.

[105]

Package natbib Warning: Citation `PhysRevE.51.4282' on page 106 undefined on in
put line 20.


Package natbib Warning: Citation `Hughes:2003' on page 106 undefined on input l
ine 24.


Package natbib Warning: Citation `Helbing:2012' on page 106 undefined on input 
line 24.


Underfull \vbox (badness 10000) has occurred while \output is active []

 [106]

Package natbib Warning: Citation `Hoekstra:2010' on page 107 undefined on input
 line 46.


Package natbib Warning: Citation `Marconi2002' on page 107 undefined on input l
ine 47.


Package natbib Warning: Citation `Nagai:2004kl' on page 107 undefined on input 
line 47.


Package natbib Warning: Citation `nishinari2004extended' on page 107 undefined 
on input line 47.


Package natbib Warning: Citation `Tajima:2001to' on page 107 undefined on input
 line 49.


Package natbib Warning: Citation `isobe2004experiment' on page 107 undefined on
 input line 49.


Package natbib Warning: Citation `Nagai:2004kl' on page 107 undefined on input 
line 49.

[107] <figures/LatticeRule.pdf, id=2993, 449.68pt x 273.02pt>
File: figures/LatticeRule.pdf Graphic file (type pdf)

<use figures/LatticeRule.pdf>
Package pdftex.def Info: figures/LatticeRule.pdf used on input line 57.
(pdftex.def)             Requested size: 348.26306pt x 211.455pt.


Package natbib Warning: Citation `PhysRevE.51.4282' on page 108 undefined on in
put line 66.

[108 <./figures/LatticeRule.pdf>]

Package natbib Warning: Citation `PhysRevE.51.4282' on page 109 undefined on in
put line 70.


Underfull \vbox (badness 10000) has occurred while \output is active []

 [109]
[110]

Package natbib Warning: Citation `fruin1992designing' on page 111 undefined on 
input line 117.


Package natbib Warning: Citation `Bauer2011' on page 111 undefined on input lin
e 119.

<figures/ExperimentSetup.pdf, id=3122, 316.18124pt x 231.86626pt>
File: figures/ExperimentSetup.pdf Graphic file (type pdf)

<use figures/ExperimentSetup.pdf>
Package pdftex.def Info: figures/ExperimentSetup.pdf used on input line 124.
(pdftex.def)             Requested size: 435.32718pt x 319.26108pt.


Package natbib Warning: Citation `Nagai:2004kl' on page 111 undefined on input 
line 131.


Package natbib Warning: Citation `Tajima:2001to' on page 111 undefined on input
 line 131.


Package natbib Warning: Citation `PhysRevE.51.4282' on page 111 undefined on in
put line 131.


Package natbib Warning: Citation `Seyfried2008' on page 111 undefined on input 
line 131.


Overfull \hbox (1.59134pt too wide) in paragraph at lines 135--136
[]\T1/cmr/m/n/12 For distance-based mea-sure-ments, we traced the tra-jec-to-ri
es of all agents
 []

[111] <figures/Zoning.pdf, id=3131, 379.30919pt x 391.08698pt>
File: figures/Zoning.pdf Graphic file (type pdf)

<use figures/Zoning.pdf>
Package pdftex.def Info: figures/Zoning.pdf used on input line 142.
(pdftex.def)             Requested size: 379.30826pt x 391.08601pt.


LaTeX Warning: `h' float specifier changed to `ht'.

[112 <./figures/ExperimentSetup.pdf, page is rotated 180 degrees>]

Package natbib Warning: Citation `Lin:1991it' on page 113 undefined on input li
ne 153.


Underfull \vbox (badness 10000) has occurred while \output is active []

 [113 <./figures/Zoning.pdf>]

Package natbib Warning: Citation `Abdi:DISTATIS' on page 114 undefined on input
 line 167.

<figures/DistatisWorkFlow.pdf, id=3170, 417.56pt x 446.66875pt>
File: figures/DistatisWorkFlow.pdf Graphic file (type pdf)

<use figures/DistatisWorkFlow.pdf>
Package pdftex.def Info: figures/DistatisWorkFlow.pdf used on input line 173.
(pdftex.def)             Requested size: 435.32718pt x 465.70363pt.

Underfull \vbox (badness 10000) has occurred while \output is active []

 [114]
[115 <./figures/DistatisWorkFlow.pdf>]
Package epstopdf Info: Source file: <figures/EvacTime/Lattice-EvacTime.eps>
(epstopdf)                    date: 2013-09-27 12:47:14
(epstopdf)                    size: 117435 bytes
(epstopdf)             Output file: <figures/EvacTime/Lattice-EvacTime-eps-conv
erted-to.pdf>
(epstopdf)                    date: 2013-09-27 12:50:13
(epstopdf)                    size: 9977 bytes
(epstopdf)             Command: <repstopdf --outfile=figures/EvacTime/Lattice-E
vacTime-eps-converted-to.pdf figures/EvacTime/Lattice-EvacTime.eps>
(epstopdf)             \includegraphics on input line 198.
Package epstopdf Info: Output file is already uptodate.

<figures/EvacTime/Lattice-EvacTime-eps-converted-to.pdf, id=3204, 526.96875pt x
 416.55624pt>
File: figures/EvacTime/Lattice-EvacTime-eps-converted-to.pdf Graphic file (type
 pdf)
 <use figures/EvacTime/Lattice-EvacTime-eps-converted-to.pdf>
Package pdftex.def Info: figures/EvacTime/Lattice-EvacTime-eps-converted-to.pdf
 used on input line 198.
(pdftex.def)             Requested size: 184.44182pt x 145.79686pt.
Package epstopdf Info: Source file: <figures/EvacTime/SocialForce-EvacTime.eps>

(epstopdf)                    date: 2013-09-27 12:46:36
(epstopdf)                    size: 119586 bytes
(epstopdf)             Output file: <figures/EvacTime/SocialForce-EvacTime-eps-
converted-to.pdf>
(epstopdf)                    date: 2013-09-27 12:50:13
(epstopdf)                    size: 11626 bytes
(epstopdf)             Command: <repstopdf --outfile=figures/EvacTime/SocialFor
ce-EvacTime-eps-converted-to.pdf figures/EvacTime/SocialForce-EvacTime.eps>
(epstopdf)             \includegraphics on input line 200.
Package epstopdf Info: Output file is already uptodate.

<figures/EvacTime/SocialForce-EvacTime-eps-converted-to.pdf, id=3205, 526.96875
pt x 416.55624pt>
File: figures/EvacTime/SocialForce-EvacTime-eps-converted-to.pdf Graphic file (
type pdf)

<use figures/EvacTime/SocialForce-EvacTime-eps-converted-to.pdf>
Package pdftex.def Info: figures/EvacTime/SocialForce-EvacTime-eps-converted-to
.pdf used on input line 200.
(pdftex.def)             Requested size: 184.44182pt x 145.79686pt.
Package epstopdf Info: Source file: <figures/EvacTime/RVO2-EvacTime.eps>
(epstopdf)                    date: 2013-09-27 12:47:00
(epstopdf)                    size: 116919 bytes
(epstopdf)             Output file: <figures/EvacTime/RVO2-EvacTime-eps-convert
ed-to.pdf>
(epstopdf)                    date: 2013-09-27 12:50:14
(epstopdf)                    size: 9623 bytes
(epstopdf)             Command: <repstopdf --outfile=figures/EvacTime/RVO2-Evac
Time-eps-converted-to.pdf figures/EvacTime/RVO2-EvacTime.eps>
(epstopdf)             \includegraphics on input line 201.
Package epstopdf Info: Output file is already uptodate.

<figures/EvacTime/RVO2-EvacTime-eps-converted-to.pdf, id=3206, 526.96875pt x 41
6.55624pt>
File: figures/EvacTime/RVO2-EvacTime-eps-converted-to.pdf Graphic file (type pd
f)
 <use figures/EvacTime/RVO2-EvacTime-eps-converted-to.pdf>
Package pdftex.def Info: figures/EvacTime/RVO2-EvacTime-eps-converted-to.pdf us
ed on input line 201.
(pdftex.def)             Requested size: 184.44182pt x 145.79686pt.
 [116 <./figures/EvacTime/Lattice-EvacTime-eps-converted-to.pdf> <./figures/Eva
cTime/SocialForce-EvacTime-eps-converted-to.pdf> <./figures/EvacTime/RVO2-EvacT
ime-eps-converted-to.pdf>]
Package epstopdf Info: Source file: <figures/ZoningEvac/Lattice1-1000-ZoningEva
c.eps>
(epstopdf)                    date: 2013-09-27 12:49:46
(epstopdf)                    size: 188664 bytes
(epstopdf)             Output file: <figures/ZoningEvac/Lattice1-1000-ZoningEva
c-eps-converted-to.pdf>
(epstopdf)                    date: 2013-09-27 12:50:15
(epstopdf)                    size: 34643 bytes
(epstopdf)             Command: <repstopdf --outfile=figures/ZoningEvac/Lattice
1-1000-ZoningEvac-eps-converted-to.pdf figures/ZoningEvac/Lattice1-1000-ZoningE
vac.eps>
(epstopdf)             \includegraphics on input line 217.
Package epstopdf Info: Output file is already uptodate.

<figures/ZoningEvac/Lattice1-1000-ZoningEvac-eps-converted-to.pdf, id=3256, 530
.98375pt x 416.55624pt>
File: figures/ZoningEvac/Lattice1-1000-ZoningEvac-eps-converted-to.pdf Graphic 
file (type pdf)

<use figures/ZoningEvac/Lattice1-1000-ZoningEvac-eps-converted-to.pdf>
Package pdftex.def Info: figures/ZoningEvac/Lattice1-1000-ZoningEvac-eps-conver
ted-to.pdf used on input line 217.
(pdftex.def)             Requested size: 185.84709pt x 145.79686pt.
Package epstopdf Info: Source file: <figures/ZoningEvac/SocialForce1-1000-Zonin
gEvac.eps>
(epstopdf)                    date: 2013-09-27 12:49:57
(epstopdf)                    size: 522602 bytes
(epstopdf)             Output file: <figures/ZoningEvac/SocialForce1-1000-Zonin
gEvac-eps-converted-to.pdf>
(epstopdf)                    date: 2013-09-27 12:50:16
(epstopdf)                    size: 76134 bytes
(epstopdf)             Command: <repstopdf --outfile=figures/ZoningEvac/SocialF
orce1-1000-ZoningEvac-eps-converted-to.pdf figures/ZoningEvac/SocialForce1-1000
-ZoningEvac.eps>
(epstopdf)             \includegraphics on input line 219.
Package epstopdf Info: Output file is already uptodate.

<figures/ZoningEvac/SocialForce1-1000-ZoningEvac-eps-converted-to.pdf, id=3257,
 530.98375pt x 416.55624pt>
File: figures/ZoningEvac/SocialForce1-1000-ZoningEvac-eps-converted-to.pdf Grap
hic file (type pdf)

<use figures/ZoningEvac/SocialForce1-1000-ZoningEvac-eps-converted-to.pdf>
Package pdftex.def Info: figures/ZoningEvac/SocialForce1-1000-ZoningEvac-eps-co
nverted-to.pdf used on input line 219.
(pdftex.def)             Requested size: 185.84709pt x 145.79686pt.
Package epstopdf Info: Source file: <figures/ZoningEvac/RVO21-1000-ZoningEvac.e
ps>
(epstopdf)                    date: 2013-09-27 12:49:51
(epstopdf)                    size: 196737 bytes
(epstopdf)             Output file: <figures/ZoningEvac/RVO21-1000-ZoningEvac-e
ps-converted-to.pdf>
(epstopdf)                    date: 2013-09-27 12:50:17
(epstopdf)                    size: 33232 bytes
(epstopdf)             Command: <repstopdf --outfile=figures/ZoningEvac/RVO21-1
000-ZoningEvac-eps-converted-to.pdf figures/ZoningEvac/RVO21-1000-ZoningEvac.ep
s>
(epstopdf)             \includegraphics on input line 220.
Package epstopdf Info: Output file is already uptodate.

<figures/ZoningEvac/RVO21-1000-ZoningEvac-eps-converted-to.pdf, id=3258, 530.98
375pt x 416.55624pt>
File: figures/ZoningEvac/RVO21-1000-ZoningEvac-eps-converted-to.pdf Graphic fil
e (type pdf)

<use figures/ZoningEvac/RVO21-1000-ZoningEvac-eps-converted-to.pdf>
Package pdftex.def Info: figures/ZoningEvac/RVO21-1000-ZoningEvac-eps-converted
-to.pdf used on input line 220.
(pdftex.def)             Requested size: 185.84709pt x 145.79686pt.

<figures/DensityMap/Lattice1-1000DensityMap.pdf, id=3261, 354.79543pt x 354.919
66pt>
File: figures/DensityMap/Lattice1-1000DensityMap.pdf Graphic file (type pdf)
 <use figures/DensityMap/Lattice1-1000DensityMap.pdf>
Package pdftex.def Info: figures/DensityMap/Lattice1-1000DensityMap.pdf used on
 input line 235.
(pdftex.def)             Requested size: 124.18025pt x 124.22372pt.

<figures/DensityMap/SocialForce1-1000DensityMap.pdf, id=3262, 354.79832pt x 354
.57822pt>
File: figures/DensityMap/SocialForce1-1000DensityMap.pdf Graphic file (type pdf
)
 <use figures/DensityMap/SocialForce1-1000DensityMap.pdf>
Package pdftex.def Info: figures/DensityMap/SocialForce1-1000DensityMap.pdf use
d on input line 237.
(pdftex.def)             Requested size: 124.18127pt x 124.10423pt.

<figures/DensityMap/RVO21-1000DensityMap.pdf, id=3263, 353.76878pt x 354.55281p
t>
File: figures/DensityMap/RVO21-1000DensityMap.pdf Graphic file (type pdf)
 <use figures/DensityMap/RVO21-1000DensityMap.pdf>
Package pdftex.def Info: figures/DensityMap/RVO21-1000DensityMap.pdf used on in
put line 238.
(pdftex.def)             Requested size: 123.82092pt x 124.09534pt.

Underfull \vbox (badness 10000) has occurred while \output is active []

 [117 <./figures/ZoningEvac/Lattice1-1000-ZoningEvac-eps-converted-to.pdf> <./f
igures/ZoningEvac/SocialForce1-1000-ZoningEvac-eps-converted-to.pdf> <./figures
/ZoningEvac/RVO21-1000-ZoningEvac-eps-converted-to.pdf>]
Overfull \hbox (3.83661pt too wide) in paragraph at lines 247--248
[]\T1/cmr/m/n/12 Comparing the three mod-els, we also see that the RVO2 model (
Fig. []7.7c[])
 []


Underfull \vbox (badness 10000) has occurred while \output is active []

 [118 <./figures/DensityMap/Lattice1-1000DensityMap.pdf> <./figures/DensityMap/
SocialForce1-1000DensityMap.pdf> <./figures/DensityMap/RVO21-1000DensityMap.pdf
>]
Overfull \hbox (6.61224pt too wide) in paragraph at lines 257--258
[]\T1/cmr/m/n/12 However, when we com-pare the dis-tri-bu-tions of in-con-ve-ni
ences in Fig. []7.9[],
 []

Package epstopdf Info: Source file: <figures/TravDist/Lattice-TravDist.eps>
(epstopdf)                    date: 2013-09-27 13:09:27
(epstopdf)                    size: 117874 bytes
(epstopdf)             Output file: <figures/TravDist/Lattice-TravDist-eps-conv
erted-to.pdf>
(epstopdf)                    date: 2013-10-02 17:09:12
(epstopdf)                    size: 10316 bytes
(epstopdf)             Command: <repstopdf --outfile=figures/TravDist/Lattice-T
ravDist-eps-converted-to.pdf figures/TravDist/Lattice-TravDist.eps>
(epstopdf)             \includegraphics on input line 263.
Package epstopdf Info: Output file is already uptodate.

<figures/TravDist/Lattice-TravDist-eps-converted-to.pdf, id=3368, 540.0175pt x 
416.55624pt>
File: figures/TravDist/Lattice-TravDist-eps-converted-to.pdf Graphic file (type
 pdf)
 <use figures/TravDist/Lattice-TravDist-eps-converted-to.pdf>
Package pdftex.def Info: figures/TravDist/Lattice-TravDist-eps-converted-to.pdf
 used on input line 263.
(pdftex.def)             Requested size: 195.89589pt x 151.10423pt.
Package epstopdf Info: Source file: <figures/TravDist/SocialForce-TravDist.eps>

(epstopdf)                    date: 2013-09-27 12:56:00
(epstopdf)                    size: 116286 bytes
(epstopdf)             Output file: <figures/TravDist/SocialForce-TravDist-eps-
converted-to.pdf>
(epstopdf)                    date: 2013-09-27 13:00:08
(epstopdf)                    size: 9161 bytes
(epstopdf)             Command: <repstopdf --outfile=figures/TravDist/SocialFor
ce-TravDist-eps-converted-to.pdf figures/TravDist/SocialForce-TravDist.eps>
(epstopdf)             \includegraphics on input line 265.
Package epstopdf Info: Output file is already uptodate.

<figures/TravDist/SocialForce-TravDist-eps-converted-to.pdf, id=3369, 540.0175p
t x 416.55624pt>
File: figures/TravDist/SocialForce-TravDist-eps-converted-to.pdf Graphic file (
type pdf)

<use figures/TravDist/SocialForce-TravDist-eps-converted-to.pdf>
Package pdftex.def Info: figures/TravDist/SocialForce-TravDist-eps-converted-to
.pdf used on input line 265.
(pdftex.def)             Requested size: 195.89589pt x 151.10423pt.
Package epstopdf Info: Source file: <figures/TravDist/RVO2-TravDist.eps>
(epstopdf)                    date: 2013-09-27 12:55:39
(epstopdf)                    size: 116187 bytes
(epstopdf)             Output file: <figures/TravDist/RVO2-TravDist-eps-convert
ed-to.pdf>
(epstopdf)                    date: 2013-09-27 13:00:09
(epstopdf)                    size: 9064 bytes
(epstopdf)             Command: <repstopdf --outfile=figures/TravDist/RVO2-Trav
Dist-eps-converted-to.pdf figures/TravDist/RVO2-TravDist.eps>
(epstopdf)             \includegraphics on input line 267.
Package epstopdf Info: Output file is already uptodate.

<figures/TravDist/RVO2-TravDist-eps-converted-to.pdf, id=3370, 540.0175pt x 416
.55624pt>
File: figures/TravDist/RVO2-TravDist-eps-converted-to.pdf Graphic file (type pd
f)
 <use figures/TravDist/RVO2-TravDist-eps-converted-to.pdf>
Package pdftex.def Info: figures/TravDist/RVO2-TravDist-eps-converted-to.pdf us
ed on input line 267.
(pdftex.def)             Requested size: 195.89589pt x 151.10423pt.
Package epstopdf Info: Source file: <figures/Incon/Lattice-Incon.eps>
(epstopdf)                    date: 2013-09-27 12:59:28
(epstopdf)                    size: 136573 bytes
(epstopdf)             Output file: <figures/Incon/Lattice-Incon-eps-converted-
to.pdf>
(epstopdf)                    date: 2013-09-27 13:00:10
(epstopdf)                    size: 17606 bytes
(epstopdf)             Command: <repstopdf --outfile=figures/Incon/Lattice-Inco
n-eps-converted-to.pdf figures/Incon/Lattice-Incon.eps>
(epstopdf)             \includegraphics on input line 275.
Package epstopdf Info: Output file is already uptodate.

<figures/Incon/Lattice-Incon-eps-converted-to.pdf, id=3371, 528.97626pt x 411.5
375pt>
File: figures/Incon/Lattice-Incon-eps-converted-to.pdf Graphic file (type pdf)
 <use figures/Incon/Lattice-Incon-eps-converted-to.pdf>
Package pdftex.def Info: figures/Incon/Lattice-Incon-eps-converted-to.pdf used 
on input line 275.
(pdftex.def)             Requested size: 195.89589pt x 152.40463pt.
Package epstopdf Info: Source file: <figures/Incon/SocialForce-Incon.eps>
(epstopdf)                    date: 2013-09-27 12:59:48
(epstopdf)                    size: 136362 bytes
(epstopdf)             Output file: <figures/Incon/SocialForce-Incon-eps-conver
ted-to.pdf>
(epstopdf)                    date: 2013-09-27 13:00:11
(epstopdf)                    size: 16963 bytes
(epstopdf)             Command: <repstopdf --outfile=figures/Incon/SocialForce-
Incon-eps-converted-to.pdf figures/Incon/SocialForce-Incon.eps>
(epstopdf)             \includegraphics on input line 277.
Package epstopdf Info: Output file is already uptodate.

<figures/Incon/SocialForce-Incon-eps-converted-to.pdf, id=3372, 528.97626pt x 4
11.5375pt>
File: figures/Incon/SocialForce-Incon-eps-converted-to.pdf Graphic file (type p
df)
 <use figures/Incon/SocialForce-Incon-eps-converted-to.pdf>
Package pdftex.def Info: figures/Incon/SocialForce-Incon-eps-converted-to.pdf u
sed on input line 277.
(pdftex.def)             Requested size: 195.89589pt x 152.40463pt.
Package epstopdf Info: Source file: <figures/Incon/RVO2-Incon.eps>
(epstopdf)                    date: 2013-09-27 12:59:40
(epstopdf)                    size: 136338 bytes
(epstopdf)             Output file: <figures/Incon/RVO2-Incon-eps-converted-to.
pdf>
(epstopdf)                    date: 2013-09-27 13:00:11
(epstopdf)                    size: 18393 bytes
(epstopdf)             Command: <repstopdf --outfile=figures/Incon/RVO2-Incon-e
ps-converted-to.pdf figures/Incon/RVO2-Incon.eps>
(epstopdf)             \includegraphics on input line 279.
Package epstopdf Info: Output file is already uptodate.

<figures/Incon/RVO2-Incon-eps-converted-to.pdf, id=3373, 528.97626pt x 411.5375
pt>
File: figures/Incon/RVO2-Incon-eps-converted-to.pdf Graphic file (type pdf)
 <use figures/Incon/RVO2-Incon-eps-converted-to.pdf>
Package pdftex.def Info: figures/Incon/RVO2-Incon-eps-converted-to.pdf used on 
input line 279.
(pdftex.def)             Requested size: 195.89589pt x 152.40463pt.

Underfull \vbox (badness 7869) has occurred while \output is active []

 [119 <./figures/TravDist/Lattice-TravDist-eps-converted-to.pdf> <./figures/Tra
vDist/SocialForce-TravDist-eps-converted-to.pdf> <./figures/TravDist/RVO2-TravD
ist-eps-converted-to.pdf>] [120 <./figures/Incon/Lattice-Incon-eps-converted-to
.pdf> <./figures/Incon/SocialForce-Incon-eps-converted-to.pdf> <./figures/Incon
/RVO2-Incon-eps-converted-to.pdf>]

Package natbib Warning: Citation `Yang2013' on page 121 undefined on input line
 294.


Package natbib Warning: Citation `Yang2011' on page 121 undefined on input line
 294.


Overfull \hbox (12.78299pt too wide) in paragraph at lines 297--298
[]\T1/cmr/m/n/12 In []$\T1/cmtt/m/n/12 http : / / www . youtube . com / watch ?
 v = e1yapP3z _ L4$[]\T1/cmr/m/n/12 , stu-dents were evac-
 []

Package epstopdf Info: Source file: <figures/FlowRate/Lattice-FlowRate.eps>
(epstopdf)                    date: 2013-09-27 13:02:08
(epstopdf)                    size: 141824 bytes
(epstopdf)             Output file: <figures/FlowRate/Lattice-FlowRate-eps-conv
erted-to.pdf>
(epstopdf)                    date: 2013-09-27 13:05:55
(epstopdf)                    size: 14413 bytes
(epstopdf)             Command: <repstopdf --outfile=figures/FlowRate/Lattice-F
lowRate-eps-converted-to.pdf figures/FlowRate/Lattice-FlowRate.eps>
(epstopdf)             \includegraphics on input line 303.
Package epstopdf Info: Output file is already uptodate.

<figures/FlowRate/Lattice-FlowRate-eps-converted-to.pdf, id=3463, 515.9275pt x 
416.55624pt>
File: figures/FlowRate/Lattice-FlowRate-eps-converted-to.pdf Graphic file (type
 pdf)
 <use figures/FlowRate/Lattice-FlowRate-eps-converted-to.pdf>
Package pdftex.def Info: figures/FlowRate/Lattice-FlowRate-eps-converted-to.pdf
 used on input line 303.
(pdftex.def)             Requested size: 195.89589pt x 158.1659pt.
Package epstopdf Info: Source file: <figures/FlowRate/SocialForce-FlowRate.eps>

(epstopdf)                    date: 2013-09-27 13:01:49
(epstopdf)                    size: 238695 bytes
(epstopdf)             Output file: <figures/FlowRate/SocialForce-FlowRate-eps-
converted-to.pdf>
(epstopdf)                    date: 2013-09-27 13:05:56
(epstopdf)                    size: 61918 bytes
(epstopdf)             Command: <repstopdf --outfile=figures/FlowRate/SocialFor
ce-FlowRate-eps-converted-to.pdf figures/FlowRate/SocialForce-FlowRate.eps>
(epstopdf)             \includegraphics on input line 305.
Package epstopdf Info: Output file is already uptodate.

<figures/FlowRate/SocialForce-FlowRate-eps-converted-to.pdf, id=3464, 515.9275p
t x 416.55624pt>
File: figures/FlowRate/SocialForce-FlowRate-eps-converted-to.pdf Graphic file (
type pdf)

<use figures/FlowRate/SocialForce-FlowRate-eps-converted-to.pdf>
Package pdftex.def Info: figures/FlowRate/SocialForce-FlowRate-eps-converted-to
.pdf used on input line 305.
(pdftex.def)             Requested size: 195.89589pt x 158.1659pt.
Package epstopdf Info: Source file: <figures/FlowRate/RVO2-FlowRate.eps>
(epstopdf)                    date: 2013-09-27 13:02:00
(epstopdf)                    size: 152709 bytes
(epstopdf)             Output file: <figures/FlowRate/RVO2-FlowRate-eps-convert
ed-to.pdf>
(epstopdf)                    date: 2013-09-27 13:05:57
(epstopdf)                    size: 31580 bytes
(epstopdf)             Command: <repstopdf --outfile=figures/FlowRate/RVO2-Flow
Rate-eps-converted-to.pdf figures/FlowRate/RVO2-FlowRate.eps>
(epstopdf)             \includegraphics on input line 307.
Package epstopdf Info: Output file is already uptodate.

<figures/FlowRate/RVO2-FlowRate-eps-converted-to.pdf, id=3465, 515.9275pt x 416
.55624pt>
File: figures/FlowRate/RVO2-FlowRate-eps-converted-to.pdf Graphic file (type pd
f)
 <use figures/FlowRate/RVO2-FlowRate-eps-converted-to.pdf>
Package pdftex.def Info: figures/FlowRate/RVO2-FlowRate-eps-converted-to.pdf us
ed on input line 307.
(pdftex.def)             Requested size: 195.89589pt x 158.1659pt.
Package epstopdf Info: Source file: <figures/Flowrate.eps>
(epstopdf)                    date: 2013-07-09 14:56:34
(epstopdf)                    size: 114598 bytes
(epstopdf)             Output file: <figures/Flowrate-eps-converted-to.pdf>
(epstopdf)                    date: 2013-07-09 14:57:08
(epstopdf)                    size: 7825 bytes
(epstopdf)             Command: <repstopdf --outfile=figures/Flowrate-eps-conve
rted-to.pdf figures/Flowrate.eps>
(epstopdf)             \includegraphics on input line 314.
Package epstopdf Info: Output file is already uptodate.

<figures/Flowrate-eps-converted-to.pdf, id=3466, 509.905pt x 416.55624pt>
File: figures/Flowrate-eps-converted-to.pdf Graphic file (type pdf)

<use figures/Flowrate-eps-converted-to.pdf>
Package pdftex.def Info: figures/Flowrate-eps-converted-to.pdf used on input li
ne 314.
(pdftex.def)             Requested size: 227.62204pt x 185.95488pt.

<figures/DistatisFinalDistatisMat1-1000.pdf, id=3471, 362.35374pt x 377.41pt>
File: figures/DistatisFinalDistatisMat1-1000.pdf Graphic file (type pdf)

<use figures/DistatisFinalDistatisMat1-1000.pdf>
Package pdftex.def Info: figures/DistatisFinalDistatisMat1-1000.pdf used on inp
ut line 328.
(pdftex.def)             Requested size: 289.88339pt x 301.9284pt.
 [121] [122 <./figures/FlowRate/Lattice-FlowRate-eps-converted-to.pdf> <./figur
es/FlowRate/SocialForce-FlowRate-eps-converted-to.pdf> <./figures/FlowRate/RVO2
-FlowRate-eps-converted-to.pdf> <./figures/Flowrate-eps-converted-to.pdf>] [123
 <./figures/DistatisFinalDistatisMat1-1000.pdf>]) (./Conclusion.tex [124]
Chapter 8.

LaTeX Warning: Reference `chapter:TheRemainingModules' on page 125 undefined on
 input line 5.


LaTeX Warning: Reference `CFW:ModelDesign' on page 125 undefined on input line 
5.


LaTeX Warning: Reference `CFW:Validation' on page 125 undefined on input line 5
.

[125

]

LaTeX Warning: Reference `chapter:TheRemainingModules' on page 126 undefined on
 input line 17.


LaTeX Warning: Reference `fig:GanttChart' on page 126 undefined on input line 1
9.


LaTeX Warning: Reference `fig:GanttChart' on page 126 undefined on input line 2
4.


LaTeX Warning: Reference `CFW:TimeFrame' on page 126 undefined on input line 30
.


Package hyperref Warning: Difference (2) between bookmark levels is greater 
(hyperref)                than one, level fixed on input line 33.

[126] <figures/HiekoSimulationMultiFloor.jpg, id=3570, 954.56625pt x 481.8pt>
File: figures/HiekoSimulationMultiFloor.jpg Graphic file (type jpg)

<use figures/HiekoSimulationMultiFloor.jpg>
Package pdftex.def Info: figures/HiekoSimulationMultiFloor.jpg used on input li
ne 48.
(pdftex.def)             Requested size: 435.32718pt x 219.71925pt.
 [127 <./figures/HiekoSimulationMultiFloor.jpg>]) (./appendixb.tex [128]
Appendix A.
<figures/44.PNG, id=3579, 1445.4pt x 867.24pt>
File: figures/44.PNG Graphic file (type png)
 <use figures/44.PNG>
Package pdftex.def Info: figures/44.PNG used on input line 9.
(pdftex.def)             Requested size: 435.32718pt x 261.19295pt.

<figures/22.PNG, id=3580, 1445.4pt x 867.24pt>
File: figures/22.PNG Graphic file (type png)
 <use figures/22.PNG>
Package pdftex.def Info: figures/22.PNG used on input line 11.
(pdftex.def)             Requested size: 435.32718pt x 261.19295pt.

<figures/decision-base-comparison.PNG, id=3582, 898.10532pt x 579.66562pt>
File: figures/decision-base-comparison.PNG Graphic file (type png)

<use figures/decision-base-comparison.PNG>
Package pdftex.def Info: figures/decision-base-comparison.PNG used on input lin
e 26.
(pdftex.def)             Requested size: 435.32718pt x 280.96942pt.
) (build/vaisagh_thesis.bbl [129

]
[130 <./figures/44.PNG> <./figures/22.PNG>] [131 <./figures/decision-base-compa
rison.PNG>] [132

] [133] [134] [135] [136] [137] [138] [139] [140] [141]
[142] [143] [144])

Package natbib Warning: There were undefined citations.

Package atveryend Info: Empty hook `BeforeClearDocument' on input line 186.
[145]
Package atveryend Info: Empty hook `AfterLastShipout' on input line 186.
 (build/vaisagh_thesis.aux (build/Introduction.aux))
Package atveryend Info: Executing hook `AtVeryEndDocument' on input line 186.
Package atveryend Info: Executing hook `AtEndAfterFileList' on input line 186.
Package rerunfilecheck Info: File `vaisagh_thesis.out' has not changed.
(rerunfilecheck)             Checksum: 6149C6510FDD7F001F766C8718C2E508;9486.


LaTeX Warning: There were undefined references.


LaTeX Warning: There were multiply-defined labels.

Package atveryend Info: Empty hook `AtVeryVeryEnd' on input line 186.
 ) 
Here is how much of TeX's memory you used:
 10331 strings out of 493481
 161725 string characters out of 3144420
 254922 words of memory out of 3000000
 12728 multiletter control sequences out of 15000+200000
 24555 words of font info for 65 fonts, out of 3000000 for 9000
 957 hyphenation exceptions out of 8191
 36i,18n,48p,2266b,1010s stack positions out of 5000i,500n,10000p,200000b,50000s
{c:/texlive/2012/texmf-dist/fonts/enc/dvips/cm-super/cm-super-t1.enc}<c:/texl
ive/2012/texmf-dist/fonts/type1/public/amsfonts/cm/cmex10.pfb><c:/texlive/2012/
texmf-dist/fonts/type1/public/amsfonts/cm/cmmi10.pfb><c:/texlive/2012/texmf-dis
t/fonts/type1/public/amsfonts/cm/cmmi12.pfb><c:/texlive/2012/texmf-dist/fonts/t
ype1/public/amsfonts/cm/cmmi5.pfb><c:/texlive/2012/texmf-dist/fonts/type1/publi
c/amsfonts/cm/cmmi6.pfb><c:/texlive/2012/texmf-dist/fonts/type1/public/amsfonts
/cm/cmmi7.pfb><c:/texlive/2012/texmf-dist/fonts/type1/public/amsfonts/cm/cmmi8.
pfb><c:/texlive/2012/texmf-dist/fonts/type1/public/amsfonts/cm/cmr10.pfb><c:/te
xlive/2012/texmf-dist/fonts/type1/public/amsfonts/cm/cmr12.pfb><c:/texlive/2012
/texmf-dist/fonts/type1/public/amsfonts/cm/cmr5.pfb><c:/texlive/2012/texmf-dist
/fonts/type1/public/amsfonts/cm/cmr6.pfb><c:/texlive/2012/texmf-dist/fonts/type
1/public/amsfonts/cm/cmr7.pfb><c:/texlive/2012/texmf-dist/fonts/type1/public/am
sfonts/cm/cmr8.pfb><c:/texlive/2012/texmf-dist/fonts/type1/public/amsfonts/cm/c
msy10.pfb><c:/texlive/2012/texmf-dist/fonts/type1/public/amsfonts/cm/cmsy7.pfb>
<c:/texlive/2012/texmf-dist/fonts/type1/public/amsfonts/cm/cmsy8.pfb><c:/texliv
e/2012/texmf-dist/fonts/type1/public/cm-super/sfbx1000.pfb><c:/texlive/2012/tex
mf-dist/fonts/type1/public/cm-super/sfbx1095.pfb><c:/texlive/2012/texmf-dist/fo
nts/type1/public/cm-super/sfbx1200.pfb><c:/texlive/2012/texmf-dist/fonts/type1/
public/cm-super/sfbx1440.pfb><c:/texlive/2012/texmf-dist/fonts/type1/public/cm-
super/sfbx1728.pfb><c:/texlive/2012/texmf-dist/fonts/type1/public/cm-super/sfbx
2488.pfb><c:/texlive/2012/texmf-dist/fonts/type1/public/cm-super/sfrm0700.pfb><
c:/texlive/2012/texmf-dist/fonts/type1/public/cm-super/sfrm0800.pfb><c:/texlive
/2012/texmf-dist/fonts/type1/public/cm-super/sfrm1000.pfb><c:/texlive/2012/texm
f-dist/fonts/type1/public/cm-super/sfrm1095.pfb><c:/texlive/2012/texmf-dist/fon
ts/type1/public/cm-super/sfrm1200.pfb><c:/texlive/2012/texmf-dist/fonts/type1/p
ublic/cm-super/sfti1000.pfb><c:/texlive/2012/texmf-dist/fonts/type1/public/cm-s
uper/sfti1095.pfb><c:/texlive/2012/texmf-dist/fonts/type1/public/cm-super/sfti1
200.pfb><c:/texlive/2012/texmf-dist/fonts/type1/public/cm-super/sftt1200.pfb>
Output written on build/vaisagh_thesis.pdf (160 pages, 7114137 bytes).
PDF statistics:
 3905 PDF objects out of 4296 (max. 8388607)
 3195 compressed objects within 32 object streams
 591 named destinations out of 1000 (max. 500000)
 1416 words of extra memory for PDF output out of 10000 (max. 10000000)

