\BOOKMARK [0][-]{chapter.1}{Introduction}{}% 1
\BOOKMARK [1][-]{section.1.1}{Problem Statement}{chapter.1}% 2
\BOOKMARK [1][-]{section.1.2}{Key Contributions and Scope of this Thesis}{chapter.1}% 3
\BOOKMARK [1][-]{section.1.3}{Organization of the Report}{chapter.1}% 4
\BOOKMARK [0][-]{chapter.2}{Literature Review}{}% 5
\BOOKMARK [1][-]{section.2.1}{Multidisciplinary Nature}{chapter.2}% 6
\BOOKMARK [1][-]{section.2.2}{Current Understanding of Human Behavior in Egress}{chapter.2}% 7
\BOOKMARK [2][-]{subsection.2.2.1}{Pre-evacuation Behavior}{section.2.2}% 8
\BOOKMARK [2][-]{subsection.2.2.2}{Crowd behavior}{section.2.2}% 9
\BOOKMARK [2][-]{subsection.2.2.3}{On the rationality of crowds}{section.2.2}% 10
\BOOKMARK [2][-]{subsection.2.2.4}{Summary}{section.2.2}% 11
\BOOKMARK [1][-]{section.2.3}{Computational Models of Egress}{chapter.2}% 12
\BOOKMARK [2][-]{subsection.2.3.1}{Components of a computational model of egress}{section.2.3}% 13
\BOOKMARK [3][-]{subsubsection.2.3.1.1}{A model of the environment}{subsection.2.3.1}% 14
\BOOKMARK [3][-]{subsubsection.2.3.1.2}{A model of the individuals engaging in egress}{subsection.2.3.1}% 15
\BOOKMARK [2][-]{subsection.2.3.2}{An overview of existing computational models}{section.2.3}% 16
\BOOKMARK [3][-]{subsubsection.2.3.2.1}{Network or Queuing Theory based approaches}{subsection.2.3.2}% 17
\BOOKMARK [3][-]{subsubsection.2.3.2.2}{Flow models}{subsection.2.3.2}% 18
\BOOKMARK [3][-]{subsubsection.2.3.2.3}{Environment Control Based Models}{subsection.2.3.2}% 19
\BOOKMARK [4][-]{paragraph.2.3.2.3.1}{Cellular Automata based approaches:}{subsubsection.2.3.2.3}% 20
\BOOKMARK [4][-]{paragraph.2.3.2.3.2}{Lattice gas models:}{subsubsection.2.3.2.3}% 21
\BOOKMARK [4][-]{paragraph.2.3.2.3.3}{Floor field models:}{subsubsection.2.3.2.3}% 22
\BOOKMARK [3][-]{subsubsection.2.3.2.4}{Agent based approaches}{subsection.2.3.2}% 23
\BOOKMARK [3][-]{subsubsection.2.3.2.5}{Hybrid approaches}{subsection.2.3.2}% 24
\BOOKMARK [2][-]{subsection.2.3.3}{Detailed Discussion of Significant Computational Models}{section.2.3}% 25
\BOOKMARK [3][-]{subsubsection.2.3.3.1}{Pires's model of pre-evacuation behavior}{subsection.2.3.3}% 26
\BOOKMARK [3][-]{subsubsection.2.3.3.2}{Legion}{subsection.2.3.3}% 27
\BOOKMARK [3][-]{subsubsection.2.3.3.3}{MACES + PMFServ}{subsection.2.3.3}% 28
\BOOKMARK [3][-]{subsubsection.2.3.3.4}{Collective Panic Behavior Model}{subsection.2.3.3}% 29
\BOOKMARK [3][-]{subsubsection.2.3.3.5}{Exodus}{subsection.2.3.3}% 30
\BOOKMARK [3][-]{subsubsection.2.3.3.6}{ESCAPES}{subsection.2.3.3}% 31
\BOOKMARK [3][-]{subsubsection.2.3.3.7}{MASSEgress}{subsection.2.3.3}% 32
\BOOKMARK [2][-]{subsection.2.3.4}{Summary}{section.2.3}% 33
\BOOKMARK [1][-]{section.2.4}{Summary of Literature Review}{chapter.2}% 34
\BOOKMARK [0][-]{chapter.3}{The Building Blocks of Crowd Behavior During Egress}{}% 35
\BOOKMARK [1][-]{section.3.1}{The Building Blocks of the Egress Process}{chapter.3}% 36
\BOOKMARK [2][-]{subsection.3.1.1}{Perception}{section.3.1}% 37
\BOOKMARK [2][-]{subsection.3.1.2}{Event identification}{section.3.1}% 38
\BOOKMARK [2][-]{subsection.3.1.3}{The knowledge model}{section.3.1}% 39
\BOOKMARK [2][-]{subsection.3.1.4}{Navigation}{section.3.1}% 40
\BOOKMARK [1][-]{section.3.2}{Shortcomings in Existing Models}{chapter.3}% 41
\BOOKMARK [2][-]{subsection.3.2.1}{Perception : the lack of a realistic approach}{section.3.2}% 42
\BOOKMARK [2][-]{subsection.3.2.2}{Event identification: modeling pre-evacuation behavior}{section.3.2}% 43
\BOOKMARK [2][-]{subsection.3.2.3}{Knowledge modeling: the effect of partial knowledge}{section.3.2}% 44
\BOOKMARK [2][-]{subsection.3.2.4}{Navigation: analyzing motion planning systems}{section.3.2}% 45
\BOOKMARK [1][-]{section.3.3}{Contributions of the Remaining Chapters}{chapter.3}% 46
\BOOKMARK [1][-]{section.3.4}{Summary}{chapter.3}% 47
\BOOKMARK [0][-]{chapter.4}{An Information Processing Based Approach Perception Modelling}{}% 48
\BOOKMARK [1][-]{section.4.1}{Limits of Human Perception}{chapter.4}% 49
\BOOKMARK [1][-]{section.4.2}{A Brief Introduction to Motion Planning Systems}{chapter.4}% 50
\BOOKMARK [1][-]{section.4.3}{The Information Based Perception Model}{chapter.4}% 51
\BOOKMARK [2][-]{subsection.4.3.1}{Clustering}{section.4.3}% 52
\BOOKMARK [2][-]{subsection.4.3.2}{Sensing}{section.4.3}% 53
\BOOKMARK [2][-]{subsection.4.3.3}{Filtering}{section.4.3}% 54
\BOOKMARK [1][-]{section.4.4}{Model Evaluation}{chapter.4}% 55
\BOOKMARK [2][-]{subsection.4.4.1}{Model demonstration}{section.4.4}% 56
\BOOKMARK [3][-]{subsubsection.4.4.1.1}{Group Based Perception}{subsection.4.4.1}% 57
\BOOKMARK [3][-]{subsubsection.4.4.1.2}{Effects of multi layered clustering}{subsection.4.4.1}% 58
\BOOKMARK [3][-]{subsubsection.4.4.1.3}{Filtering necessitates Group Based Perception}{subsection.4.4.1}% 59
\BOOKMARK [3][-]{subsubsection.4.4.1.4}{Effect of filtering of percept information}{subsection.4.4.1}% 60
\BOOKMARK [2][-]{subsection.4.4.2}{Experimental validation}{section.4.4}% 61
\BOOKMARK [3][-]{subsubsection.4.4.2.1}{Experiment setup}{subsection.4.4.2}% 62
\BOOKMARK [3][-]{subsubsection.4.4.2.2}{Quantitative measurements of experimental data}{subsection.4.4.2}% 63
\BOOKMARK [3][-]{subsubsection.4.4.2.3}{Results and comparison}{subsection.4.4.2}% 64
\BOOKMARK [1][-]{section.4.5}{Summary and Future Work}{chapter.4}% 65
\BOOKMARK [0][-]{chapter.5}{Modelling Pre Evacuation Behavior in Agent Based Simulations Of Crowds}{}% 66
\BOOKMARK [1][-]{section.5.1}{Introduction}{chapter.5}% 67
\BOOKMARK [1][-]{section.5.2}{Related Work}{chapter.5}% 68
\BOOKMARK [2][-]{subsection.5.2.1}{Pre-evacuation behavior}{section.5.2}% 69
\BOOKMARK [2][-]{subsection.5.2.2}{Existing models}{section.5.2}% 70
\BOOKMARK [1][-]{section.5.3}{Event Identification and Pre-evacuation Behavior}{chapter.5}% 71
\BOOKMARK [1][-]{section.5.4}{Results}{chapter.5}% 72
\BOOKMARK [2][-]{subsection.5.4.1}{Experiment 1: the effect of fire alarm clarity}{section.5.4}% 73
\BOOKMARK [2][-]{subsection.5.4.2}{Experiment 2: the importance of communication}{section.5.4}% 74
\BOOKMARK [1][-]{section.5.5}{Conclusion and Future Work}{chapter.5}% 75
\BOOKMARK [0][-]{chapter.6}{Modelling Spatial Knowledge}{}% 76
\BOOKMARK [1][-]{section.6.1}{Introduction}{chapter.6}% 77
\BOOKMARK [1][-]{section.6.2}{Literature Review}{chapter.6}% 78
\BOOKMARK [2][-]{subsection.6.2.1}{Working Memory}{section.6.2}% 79
\BOOKMARK [2][-]{subsection.6.2.2}{The building blocks of spatial knowledge}{section.6.2}% 80
\BOOKMARK [2][-]{subsection.6.2.3}{Indoor Way-finding}{section.6.2}% 81
\BOOKMARK [1][-]{section.6.3}{Experiment Performed}{chapter.6}% 82
\BOOKMARK [2][-]{subsection.6.3.1}{The minecraft gaming environment}{section.6.3}% 83
\BOOKMARK [2][-]{subsection.6.3.2}{The game}{section.6.3}% 84
\BOOKMARK [1][-]{section.6.4}{Experiment details}{chapter.6}% 85
\BOOKMARK [1][-]{section.6.5}{Analysis of Experiment Results}{chapter.6}% 86
\BOOKMARK [2][-]{subsection.6.5.1}{Calculation of random walks}{section.6.5}% 87
\BOOKMARK [2][-]{subsection.6.5.2}{Room visit frequencies}{section.6.5}% 88
\BOOKMARK [3][-]{subsubsection.6.5.2.1}{Calculation}{subsection.6.5.2}% 89
\BOOKMARK [3][-]{subsubsection.6.5.2.2}{Discussion}{subsection.6.5.2}% 90
\BOOKMARK [2][-]{subsection.6.5.3}{Markov data analysis}{section.6.5}% 91
\BOOKMARK [3][-]{subsubsection.6.5.3.1}{Calculation of markov data}{subsection.6.5.3}% 92
\BOOKMARK [3][-]{subsubsection.6.5.3.2}{Types Of Exploring agents}{subsection.6.5.3}% 93
\BOOKMARK [3][-]{subsubsection.6.5.3.3}{Expected Coverage Given Number Of Hops}{subsection.6.5.3}% 94
\BOOKMARK [3][-]{subsubsection.6.5.3.4}{Expected Hops Given Coverage}{subsection.6.5.3}% 95
\BOOKMARK [2][-]{subsection.6.5.4}{Empirical Analysis}{section.6.5}% 96
\BOOKMARK [3][-]{subsubsection.6.5.4.1}{Existence of decision points}{subsection.6.5.4}% 97
\BOOKMARK [3][-]{subsubsection.6.5.4.2}{Location recognition and memory}{subsection.6.5.4}% 98
\BOOKMARK [1][-]{section.6.6}{Conclusion}{chapter.6}% 99
\BOOKMARK [0][-]{chapter.7}{Quantitative Comparison Between Crowd Models for Evacuation Planning and Evaluation}{}% 100
\BOOKMARK [1][-]{section.7.1}{Models}{chapter.7}% 101
\BOOKMARK [2][-]{subsection.7.1.1}{Lattice gas model}{section.7.1}% 102
\BOOKMARK [2][-]{subsection.7.1.2}{Social force model}{section.7.1}% 103
\BOOKMARK [2][-]{subsection.7.1.3}{Reciprocal velocity obstacles model}{section.7.1}% 104
\BOOKMARK [1][-]{section.7.2}{Methodology}{chapter.7}% 105
\BOOKMARK [2][-]{subsection.7.2.1}{Measurements}{section.7.2}% 106
\BOOKMARK [2][-]{subsection.7.2.2}{DISTATIS}{section.7.2}% 107
\BOOKMARK [1][-]{section.7.3}{Results and Discussion}{chapter.7}% 108
\BOOKMARK [2][-]{subsection.7.3.1}{Evacuation time}{section.7.3}% 109
\BOOKMARK [2][-]{subsection.7.3.2}{Passage density}{section.7.3}% 110
\BOOKMARK [2][-]{subsection.7.3.3}{Total distance traveled distribution and inconvenience}{section.7.3}% 111
\BOOKMARK [2][-]{subsection.7.3.4}{Evacuation rate}{section.7.3}% 112
\BOOKMARK [2][-]{subsection.7.3.5}{DISTATIS comparison}{section.7.3}% 113
\BOOKMARK [1][-]{section.7.4}{Conclusion}{chapter.7}% 114
\BOOKMARK [0][-]{chapter.8}{Conclusion and Future Work}{}% 115
\BOOKMARK [1][-]{section.8.1}{Summary and Conclusion}{chapter.8}% 116
\BOOKMARK [1][-]{section.8.2}{Future Work}{chapter.8}% 117
\BOOKMARK [2][-]{subsection.8.2.1}{Model design}{section.8.2}% 118
\BOOKMARK [2][-]{subsection.8.2.2}{Implementation and simulation}{section.8.2}% 119
\BOOKMARK [3][-]{subsubsection.8.2.2.1}{The MASON framework}{subsection.8.2.2}% 120
\BOOKMARK [3][-]{subsubsection.8.2.2.2}{DEPATHSS}{subsection.8.2.2}% 121
\BOOKMARK [3][-]{subsubsection.8.2.2.3}{Time frame for model implementation}{subsection.8.2.2}% 122
\BOOKMARK [2][-]{subsection.8.2.3}{Validation}{section.8.2}% 123
\BOOKMARK [3][-]{subsubsection.8.2.3.1}{Validation}{subsection.8.2.3}% 124
\BOOKMARK [0][-]{appendix.A}{Model Class Structure}{}% 125
\BOOKMARK [0][-]{appendix.B}{Validity check for Markov analysis}{}% 126
\BOOKMARK [1][-]{section.B.1}{Effect of dataset size}{appendix.B}% 127
\BOOKMARK [1][-]{section.B.2}{Decision base size at decision points}{appendix.B}% 128
